2026-05-05 09:46:11,985 [INFO] [OrderStore] Initialized SQLite store: orders.db
2026-05-05 09:46:12,963 [INFO] 🔥 Bot khởi động — Chiến lược: Trend Following (EMA Crossover)
2026-05-05 09:46:13,507 [INFO] ✅ FIX Kết nối thành công!
2026-05-05 09:46:14,968 [INFO] ⏳ Timeframe: 1 phút/nến
2026-05-05 09:46:16,300 [INFO] 📤 BUY 3 @ 2014.6
2026-05-05 09:46:16,300 [ERROR] ❌ Lỗi đặt lệnh: Invalid symbol format: VNF301M, expected EXCHANGE:SYMBOL
2026-05-05 09:46:16,300 [INFO] 💤 Ngủ 44s → thức dậy lúc 09:47:01
2026-05-05 09:49:34,023 [INFO] [OrderStore] Initialized SQLite store: orders.db
2026-05-05 09:49:34,971 [INFO] 🔥 Bot khởi động — Chiến lược: Trend Following (EMA Crossover)
2026-05-05 09:49:35,451 [INFO] ✅ FIX Kết nối thành công!
2026-05-05 09:49:36,976 [INFO] ⏳ Timeframe: 1 phút/nến
2026-05-05 09:49:38,016 [INFO] 📤 BUY 1 @ 2012.5
2026-05-05 09:49:38,020 [INFO] 💤 Ngủ 22s → thức dậy lúc 09:50:01
2026-05-05 09:50:01,885 [INFO] 📤 BUY 1 @ 2012.6
2026-05-05 09:50:01,887 [INFO] 💤 Ngủ 59s → thức dậy lúc 09:51:01
2026-05-05 09:51:01,951 [INFO] 📤 BUY 1 @ 2012.4
2026-05-05 09:51:01,955 [INFO] 💤 Ngủ 59s → thức dậy lúc 09:52:01
2026-05-05 09:52:02,008 [INFO] 📤 BUY 1 @ 2011.7
2026-05-05 09:52:02,012 [INFO] 💤 Ngủ 58s → thức dậy lúc 09:53:01
2026-05-05 09:53:02,207 [INFO] 📤 BUY 1 @ 2010.8
2026-05-05 09:53:02,210 [INFO] 💤 Ngủ 58s → thức dậy lúc 09:54:01
2026-05-05 09:53:44,396 [INFO] [OrderStore] Initialized SQLite store: orders.db
2026-05-05 09:53:45,297 [INFO] 🔥 Bot khởi động — Chiến lược: Trend Following (EMA Crossover)
2026-05-05 09:53:45,923 [INFO] ✅ FIX Kết nối thành công!
2026-05-05 09:53:47,303 [INFO] ⏳ Timeframe: 1 phút/nến
2026-05-05 09:53:48,253 [INFO] 📤 BUY 1 @ 2011.0
2026-05-05 09:53:48,258 [INFO] 💤 Ngủ 12s → thức dậy lúc 09:54:01
2026-05-05 09:54:01,885 [INFO] 💤 Ngủ 59s → thức dậy lúc 09:55:01
2026-05-05 09:55:01,987 [INFO] 💤 Ngủ 59s → thức dậy lúc 09:56:01
2026-05-05 09:56:02,049 [INFO] 💤 Ngủ 58s → thức dậy lúc 09:57:01
2026-05-05 09:57:01,899 [INFO] 💤 Ngủ 59s → thức dậy lúc 09:58:01
2026-05-05 09:58:02,263 [INFO] 📤 SELL 1 @ 2009.0
2026-05-05 09:58:02,267 [INFO] 💤 Ngủ 58s → thức dậy lúc 09:59:01
2026-05-05 10:05:47,015 [INFO] [Symbol] Hôm nay (2026-05-05) dùng contract: HNXDS:VN30F2605
2026-05-05 10:05:47,030 [INFO] [OrderStore] Initialized SQLite store: orders.db
2026-05-05 10:05:47,908 [INFO] 🔥 Bot khởi động — Trend Following (EMA Crossover) | HNXDS:VN30F2605
2026-05-05 10:05:48,428 [INFO] ✅ FIX Kết nối thành công!
2026-05-05 10:05:49,910 [INFO] ⏳ Timeframe: 1 phút/nến
2026-05-05 10:05:51,118 [INFO] 📤 SELL 1 @ 2007.0 | HNXDS:VN30F2605
2026-05-05 10:05:51,123 [INFO] 💤 Ngủ 9s → thức dậy lúc 10:06:01
2026-05-05 10:06:01,951 [INFO] ⏸ Đang chờ lệnh khớp, bỏ qua tín hiệu mới.
2026-05-05 10:06:01,953 [INFO] 💤 Ngủ 59s → thức dậy lúc 10:07:01
2026-05-05 10:07:02,196 [WARNING] ⏳ Pending timeout 30s — reset is_pending (lệnh có thể đã bị reject)
2026-05-05 10:07:02,197 [INFO] 💤 Ngủ 58s → thức dậy lúc 10:08:01
2026-05-05 10:08:01,976 [INFO] 💤 Ngủ 59s → thức dậy lúc 10:09:01
2026-05-05 10:09:01,876 [INFO] 💤 Ngủ 59s → thức dậy lúc 10:10:01
2026-05-05 10:10:01,966 [INFO] 💤 Ngủ 59s → thức dậy lúc 10:11:01
2026-05-05 10:11:03,415 [INFO] 💤 Ngủ 57s → thức dậy lúc 10:12:01
2026-05-05 10:11:17,659 [INFO] ✅ FIX Kết nối thành công!
2026-05-05 10:12:03,405 [INFO] 💤 Ngủ 57s → thức dậy lúc 10:13:01
2026-05-05 10:13:04,023 [INFO] 💤 Ngủ 56s → thức dậy lúc 10:14:01
2026-05-05 10:14:03,700 [INFO] 💤 Ngủ 57s → thức dậy lúc 10:15:01
2026-05-05 10:15:03,232 [INFO] 💤 Ngủ 57s → thức dậy lúc 10:16:01
2026-05-05 10:16:03,378 [INFO] 💤 Ngủ 57s → thức dậy lúc 10:17:01
2026-05-05 10:17:03,379 [INFO] 💤 Ngủ 57s → thức dậy lúc 10:18:01
2026-05-05 10:18:03,542 [INFO] 💤 Ngủ 57s → thức dậy lúc 10:19:01
2026-05-05 10:19:04,844 [INFO] 💤 Ngủ 56s → thức dậy lúc 10:20:01
2026-05-05 10:20:03,193 [INFO] 💤 Ngủ 57s → thức dậy lúc 10:21:01
2026-05-05 10:21:03,134 [INFO] 💤 Ngủ 57s → thức dậy lúc 10:22:01
2026-05-05 10:22:03,325 [INFO] 💤 Ngủ 57s → thức dậy lúc 10:23:01
2026-05-05 10:23:02,998 [INFO] 💤 Ngủ 58s → thức dậy lúc 10:24:01
2026-05-05 10:24:03,637 [INFO] 💤 Ngủ 57s → thức dậy lúc 10:25:01
2026-05-05 10:25:03,569 [INFO] 💤 Ngủ 57s → thức dậy lúc 10:26:01
2026-05-05 10:26:04,043 [INFO] 💤 Ngủ 56s → thức dậy lúc 10:27:01
2026-05-05 10:27:03,001 [INFO] 💤 Ngủ 57s → thức dậy lúc 10:28:01
2026-05-05 10:28:03,239 [INFO] 💤 Ngủ 57s → thức dậy lúc 10:29:01
2026-05-05 10:29:03,089 [INFO] 💤 Ngủ 57s → thức dậy lúc 10:30:01
2026-05-05 10:30:03,139 [INFO] 💤 Ngủ 57s → thức dậy lúc 10:31:01
2026-05-05 10:31:03,593 [INFO] 💤 Ngủ 57s → thức dậy lúc 10:32:01
2026-05-05 10:32:03,365 [INFO] 💤 Ngủ 57s → thức dậy lúc 10:33:01
2026-05-05 10:33:04,087 [INFO] 💤 Ngủ 56s → thức dậy lúc 10:34:01
2026-05-05 10:34:03,162 [INFO] 💤 Ngủ 57s → thức dậy lúc 10:35:01
2026-05-05 10:35:04,564 [INFO] 💤 Ngủ 56s → thức dậy lúc 10:36:01
2026-05-05 10:36:03,898 [INFO] 💤 Ngủ 57s → thức dậy lúc 10:37:01
2026-05-05 10:37:04,337 [INFO] 💤 Ngủ 56s → thức dậy lúc 10:38:01
2026-05-05 10:38:05,395 [INFO] 💤 Ngủ 55s → thức dậy lúc 10:39:01
2026-05-05 10:39:03,913 [INFO] 💤 Ngủ 57s → thức dậy lúc 10:40:01
2026-05-05 10:40:05,551 [INFO] 📤 BUY 1 @ 2010.3 | HNXDS:VN30F2605
2026-05-05 10:40:05,553 [INFO] 💤 Ngủ 55s → thức dậy lúc 10:41:01
2026-05-05 10:41:02,977 [WARNING] ⏳ Pending timeout 30s — reset is_pending (lệnh có thể đã bị reject)
2026-05-05 10:41:02,978 [INFO] 💤 Ngủ 58s → thức dậy lúc 10:42:01
2026-05-05 10:42:03,739 [INFO] 💤 Ngủ 57s → thức dậy lúc 10:43:01
2026-05-05 10:43:24,999 [INFO] 💤 Ngủ 36s → thức dậy lúc 10:44:01
2026-05-05 10:44:03,777 [INFO] 💤 Ngủ 57s → thức dậy lúc 10:45:01
2026-05-05 10:45:03,613 [INFO] 💤 Ngủ 57s → thức dậy lúc 10:46:01
2026-05-05 10:46:05,177 [INFO] 💤 Ngủ 55s → thức dậy lúc 10:47:01
2026-05-05 10:47:04,224 [INFO] 💤 Ngủ 56s → thức dậy lúc 10:48:01
2026-05-05 10:48:03,578 [INFO] 💤 Ngủ 57s → thức dậy lúc 10:49:01
2026-05-05 10:49:03,442 [INFO] 💤 Ngủ 57s → thức dậy lúc 10:50:01
2026-05-05 10:50:04,102 [INFO] 💤 Ngủ 56s → thức dậy lúc 10:51:01
2026-05-05 10:51:03,073 [INFO] 💤 Ngủ 57s → thức dậy lúc 10:52:01
2026-05-05 10:52:03,715 [INFO] 💤 Ngủ 57s → thức dậy lúc 10:53:01
2026-05-05 10:53:06,002 [INFO] 💤 Ngủ 54s → thức dậy lúc 10:54:01
2026-05-05 10:54:04,141 [INFO] 💤 Ngủ 56s → thức dậy lúc 10:55:01
2026-05-05 10:55:06,212 [INFO] 💤 Ngủ 54s → thức dậy lúc 10:56:01
2026-05-05 10:56:03,976 [INFO] 💤 Ngủ 57s → thức dậy lúc 10:57:01
2026-05-05 10:57:06,314 [INFO] 💤 Ngủ 54s → thức dậy lúc 10:58:01
2026-05-05 10:58:03,446 [INFO] 📤 BUY 1 @ 2013.4 | HNXDS:VN30F2605
2026-05-05 10:58:03,450 [INFO] 💤 Ngủ 57s → thức dậy lúc 10:59:01
2026-05-05 10:59:10,264 [WARNING] ⏳ Pending timeout 30s — reset is_pending (lệnh có thể đã bị reject)
2026-05-05 10:59:10,266 [INFO] 💤 Ngủ 50s → thức dậy lúc 11:00:01
2026-05-05 11:00:03,588 [INFO] 💤 Ngủ 57s → thức dậy lúc 11:01:01
2026-05-05 11:01:03,679 [INFO] 💤 Ngủ 57s → thức dậy lúc 11:02:01
2026-05-05 11:02:03,902 [INFO] 💤 Ngủ 57s → thức dậy lúc 11:03:01
2026-05-05 11:03:09,541 [INFO] 💤 Ngủ 51s → thức dậy lúc 11:04:01
2026-05-05 11:04:03,493 [INFO] 💤 Ngủ 57s → thức dậy lúc 11:05:01
2026-05-05 11:05:03,294 [INFO] 💤 Ngủ 57s → thức dậy lúc 11:06:01
2026-05-05 11:06:03,857 [INFO] 💤 Ngủ 57s → thức dậy lúc 11:07:01
2026-05-05 11:07:09,962 [INFO] 💤 Ngủ 51s → thức dậy lúc 11:08:01
2026-05-05 11:08:05,608 [INFO] 💤 Ngủ 55s → thức dậy lúc 11:09:01
2026-05-05 11:09:05,626 [INFO] 💤 Ngủ 55s → thức dậy lúc 11:10:01
2026-05-05 11:10:07,623 [INFO] 💤 Ngủ 53s → thức dậy lúc 11:11:01
2026-05-05 11:11:07,547 [INFO] 💤 Ngủ 53s → thức dậy lúc 11:12:01
2026-05-05 11:12:03,378 [INFO] 💤 Ngủ 57s → thức dậy lúc 11:13:01
2026-05-05 11:13:03,334 [INFO] 💤 Ngủ 57s → thức dậy lúc 11:14:01
2026-05-05 11:14:03,855 [INFO] 💤 Ngủ 57s → thức dậy lúc 11:15:01
2026-05-05 11:15:03,740 [INFO] 💤 Ngủ 57s → thức dậy lúc 11:16:01
2026-05-05 11:16:03,820 [INFO] 💤 Ngủ 57s → thức dậy lúc 11:17:01
2026-05-05 11:17:06,512 [INFO] 💤 Ngủ 54s → thức dậy lúc 11:18:01
2026-05-05 11:18:10,558 [INFO] 💤 Ngủ 50s → thức dậy lúc 11:19:01
2026-05-05 11:19:04,470 [INFO] 💤 Ngủ 56s → thức dậy lúc 11:20:01
2026-05-05 11:20:03,045 [INFO] 💤 Ngủ 57s → thức dậy lúc 11:21:01
