[2026-04-16 08:11:59] [DEBUG] [TO ADMIN] 8=FIX.4.4|9=100|35=5|34=1|49=f2c11b00bf3d41fca072225f328ce98e|52=20260416-01:11:59.000|56=SERVER|1=main|553=Group13|10=015|
[2026-04-16 08:11:59] [INFO] Session created: FIX.4.4:f2c11b00bf3d41fca072225f328ce98e->SERVER
[2026-04-16 08:11:59] [DEBUG] FIXSessionManager initialized config=/var/folders/3v/rnx_2jlj5kg92m637d62559r0000gn/T/paperbroker_it7ynuqh.cfg username=Group13
[2026-04-16 08:11:59] [DEBUG] RestSession initialized with base_url: https://papertrade.algotrade.vn/accounting
[2026-04-16 08:11:59] [DEBUG] Registered handler for event 'fix:logon'. Total handlers: 1
[2026-04-16 08:11:59] [DEBUG] Registered handler for event 'fix:execution_report'. Total handlers: 2
[2026-04-16 08:11:59] [DEBUG] Registered handler for event 'fix:order:report'. Total handlers: 3
[2026-04-16 08:11:59] [DEBUG] POST https://papertrade.algotrade.vn/accounting/api/fix-account-info/get-fix-id payload_keys=['username', 'password']
[2026-04-16 08:12:00] [DEBUG] POST https://papertrade.algotrade.vn/accounting/api/fix-account-info/get-fix-id succeeded status_code=200
[2026-04-16 08:12:00] [INFO] event=fix_id_resolved username=Group13 fixAccountID=f72030f52dc94e38b4c32ee0d7f9a03b
[2026-04-16 08:12:00] [DEBUG] POST https://papertrade.algotrade.vn/accounting/api/portfolio-by-sub/basic payload_keys=['fixAccountID', 'subAccountID']
[2026-04-16 08:12:00] [DEBUG] POST https://papertrade.algotrade.vn/accounting/api/portfolio-by-sub/basic succeeded status_code=200
[2026-04-16 08:12:00] [INFO] event=portfolio_resolved fixAccountID=f72030f52dc94e38b4c32ee0d7f9a03b subAccountID=main instrument_count=0
[2026-04-16 08:12:00] [DEBUG] POST https://papertrade.algotrade.vn/accounting/api/account-info-by-sub/remain-cash payload_keys=['fixAccountID', 'subAccountID']
[2026-04-16 08:12:00] [DEBUG] POST https://papertrade.algotrade.vn/accounting/api/account-info-by-sub/remain-cash succeeded status_code=200
[2026-04-16 08:12:00] [INFO] event=remain_cash_resolved fixAccountID=f72030f52dc94e38b4c32ee0d7f9a03b subAccountID=main remainCash=472210000
[2026-04-16 08:12:00] [INFO] Starting FIX session...
[2026-04-16 08:12:00] [DEBUG] [TO ADMIN] 8=FIX.4.4|9=135|35=A|34=1|49=f2c11b00bf3d41fca072225f328ce98e|52=20260416-01:12:00.000|56=SERVER|1=main|98=0|108=30|141=Y|553=Group13|554=yCr8g4w0tLuT|10=105|
[2026-04-16 08:12:00] [DEBUG] [FROM ADMIN] 8=FIX.4.4|9=99|35=A|34=1|49=SERVER|52=20260416-01:12:00.893|56=f2c11b00bf3d41fca072225f328ce98e|98=0|108=30|141=Y|10=233|
[2026-04-16 08:12:00] [INFO] Logon success: FIX.4.4:f2c11b00bf3d41fca072225f328ce98e->SERVER
[2026-04-16 08:12:00] [INFO] Order manager session set: FIX.4.4:f2c11b00bf3d41fca072225f328ce98e->SERVER
[2026-04-16 08:12:00] [DEBUG] Emitting event 'fix:logon' to 1 handler(s)
[2026-04-16 08:12:03] [DEBUG] POST https://papertrade.algotrade.vn/accounting/api/portfolio-by-sub/basic payload_keys=['fixAccountID', 'subAccountID']
[2026-04-16 08:12:03] [DEBUG] POST https://papertrade.algotrade.vn/accounting/api/portfolio-by-sub/basic succeeded status_code=200
[2026-04-16 08:12:03] [INFO] event=portfolio_resolved fixAccountID=f72030f52dc94e38b4c32ee0d7f9a03b subAccountID=main instrument_count=0
[2026-04-16 08:12:03] [DEBUG] POST https://papertrade.algotrade.vn/accounting/api/account-info-by-sub/remain-cash payload_keys=['fixAccountID', 'subAccountID']
[2026-04-16 08:12:03] [DEBUG] POST https://papertrade.algotrade.vn/accounting/api/account-info-by-sub/remain-cash succeeded status_code=200
[2026-04-16 08:12:03] [INFO] event=remain_cash_resolved fixAccountID=f72030f52dc94e38b4c32ee0d7f9a03b subAccountID=main remainCash=472210000
[2026-04-16 08:12:30] [DEBUG] [TO ADMIN] 8=FIX.4.4|9=100|35=0|34=2|49=f2c11b00bf3d41fca072225f328ce98e|52=20260416-01:12:30.000|56=SERVER|1=main|553=Group13|10=001|
[2026-04-16 08:12:31] [DEBUG] [FROM ADMIN] 8=FIX.4.4|9=81|35=0|34=2|49=SERVER|52=20260416-01:12:31.284|56=f2c11b00bf3d41fca072225f328ce98e|10=136|
[2026-04-16 08:13:00] [DEBUG] [TO ADMIN] 8=FIX.4.4|9=100|35=0|34=3|49=f2c11b00bf3d41fca072225f328ce98e|52=20260416-01:13:00.000|56=SERVER|1=main|553=Group13|10=000|
[2026-04-16 08:13:01] [DEBUG] [FROM ADMIN] 8=FIX.4.4|9=81|35=0|34=3|49=SERVER|52=20260416-01:13:01.284|56=f2c11b00bf3d41fca072225f328ce98e|10=135|
[2026-04-16 08:13:02] [DEBUG] POST https://papertrade.algotrade.vn/accounting/api/portfolio-by-sub/basic payload_keys=['fixAccountID', 'subAccountID']
[2026-04-16 08:13:02] [DEBUG] POST https://papertrade.algotrade.vn/accounting/api/portfolio-by-sub/basic succeeded status_code=200
[2026-04-16 08:13:02] [INFO] event=portfolio_resolved fixAccountID=f72030f52dc94e38b4c32ee0d7f9a03b subAccountID=main instrument_count=0
[2026-04-16 08:13:02] [DEBUG] POST https://papertrade.algotrade.vn/accounting/api/account-info-by-sub/remain-cash payload_keys=['fixAccountID', 'subAccountID']
[2026-04-16 08:13:02] [DEBUG] POST https://papertrade.algotrade.vn/accounting/api/account-info-by-sub/remain-cash succeeded status_code=200
[2026-04-16 08:13:02] [INFO] event=remain_cash_resolved fixAccountID=f72030f52dc94e38b4c32ee0d7f9a03b subAccountID=main remainCash=472210000
[2026-04-16 08:13:30] [DEBUG] [TO ADMIN] 8=FIX.4.4|9=100|35=0|34=4|49=f2c11b00bf3d41fca072225f328ce98e|52=20260416-01:13:30.000|56=SERVER|1=main|553=Group13|10=004|
[2026-04-16 08:13:31] [DEBUG] [FROM ADMIN] 8=FIX.4.4|9=81|35=0|34=4|49=SERVER|52=20260416-01:13:31.284|56=f2c11b00bf3d41fca072225f328ce98e|10=139|
[2026-04-16 08:14:00] [DEBUG] [TO ADMIN] 8=FIX.4.4|9=100|35=0|34=5|49=f2c11b00bf3d41fca072225f328ce98e|52=20260416-01:14:00.000|56=SERVER|1=main|553=Group13|10=003|
[2026-04-16 08:14:01] [DEBUG] [FROM ADMIN] 8=FIX.4.4|9=81|35=0|34=5|49=SERVER|52=20260416-01:14:01.284|56=f2c11b00bf3d41fca072225f328ce98e|10=138|
[2026-04-16 08:14:02] [DEBUG] POST https://papertrade.algotrade.vn/accounting/api/portfolio-by-sub/basic payload_keys=['fixAccountID', 'subAccountID']
[2026-04-16 08:14:02] [DEBUG] POST https://papertrade.algotrade.vn/accounting/api/portfolio-by-sub/basic succeeded status_code=200
[2026-04-16 08:14:02] [INFO] event=portfolio_resolved fixAccountID=f72030f52dc94e38b4c32ee0d7f9a03b subAccountID=main instrument_count=0
[2026-04-16 08:14:02] [DEBUG] POST https://papertrade.algotrade.vn/accounting/api/account-info-by-sub/remain-cash payload_keys=['fixAccountID', 'subAccountID']
[2026-04-16 08:14:02] [DEBUG] POST https://papertrade.algotrade.vn/accounting/api/account-info-by-sub/remain-cash succeeded status_code=200
[2026-04-16 08:14:02] [INFO] event=remain_cash_resolved fixAccountID=f72030f52dc94e38b4c32ee0d7f9a03b subAccountID=main remainCash=472210000
[2026-04-16 08:14:30] [DEBUG] [TO ADMIN] 8=FIX.4.4|9=100|35=0|34=6|49=f2c11b00bf3d41fca072225f328ce98e|52=20260416-01:14:30.000|56=SERVER|1=main|553=Group13|10=007|
[2026-04-16 08:14:31] [DEBUG] [FROM ADMIN] 8=FIX.4.4|9=81|35=0|34=6|49=SERVER|52=20260416-01:14:31.284|56=f2c11b00bf3d41fca072225f328ce98e|10=142|
[2026-04-16 08:15:00] [DEBUG] [TO ADMIN] 8=FIX.4.4|9=100|35=0|34=7|49=f2c11b00bf3d41fca072225f328ce98e|52=20260416-01:15:00.000|56=SERVER|1=main|553=Group13|10=006|
[2026-04-16 08:15:01] [DEBUG] [FROM ADMIN] 8=FIX.4.4|9=81|35=0|34=7|49=SERVER|52=20260416-01:15:01.284|56=f2c11b00bf3d41fca072225f328ce98e|10=141|
[2026-04-16 08:15:02] [DEBUG] POST https://papertrade.algotrade.vn/accounting/api/portfolio-by-sub/basic payload_keys=['fixAccountID', 'subAccountID']
[2026-04-16 08:15:02] [DEBUG] POST https://papertrade.algotrade.vn/accounting/api/portfolio-by-sub/basic succeeded status_code=200
[2026-04-16 08:15:02] [INFO] event=portfolio_resolved fixAccountID=f72030f52dc94e38b4c32ee0d7f9a03b subAccountID=main instrument_count=0
[2026-04-16 08:15:02] [DEBUG] POST https://papertrade.algotrade.vn/accounting/api/account-info-by-sub/remain-cash payload_keys=['fixAccountID', 'subAccountID']
[2026-04-16 08:15:02] [DEBUG] POST https://papertrade.algotrade.vn/accounting/api/account-info-by-sub/remain-cash succeeded status_code=200
[2026-04-16 08:15:02] [INFO] event=remain_cash_resolved fixAccountID=f72030f52dc94e38b4c32ee0d7f9a03b subAccountID=main remainCash=472210000
[2026-04-16 08:15:30] [DEBUG] [TO ADMIN] 8=FIX.4.4|9=100|35=0|34=8|49=f2c11b00bf3d41fca072225f328ce98e|52=20260416-01:15:30.000|56=SERVER|1=main|553=Group13|10=010|
[2026-04-16 08:15:31] [DEBUG] [FROM ADMIN] 8=FIX.4.4|9=81|35=0|34=8|49=SERVER|52=20260416-01:15:31.284|56=f2c11b00bf3d41fca072225f328ce98e|10=145|
[2026-04-16 08:16:00] [DEBUG] [TO ADMIN] 8=FIX.4.4|9=100|35=0|34=9|49=f2c11b00bf3d41fca072225f328ce98e|52=20260416-01:16:00.000|56=SERVER|1=main|553=Group13|10=009|
[2026-04-16 08:16:01] [DEBUG] [FROM ADMIN] 8=FIX.4.4|9=81|35=0|34=9|49=SERVER|52=20260416-01:16:01.284|56=f2c11b00bf3d41fca072225f328ce98e|10=144|
[2026-04-16 08:16:02] [DEBUG] POST https://papertrade.algotrade.vn/accounting/api/portfolio-by-sub/basic payload_keys=['fixAccountID', 'subAccountID']
[2026-04-16 08:16:02] [DEBUG] POST https://papertrade.algotrade.vn/accounting/api/portfolio-by-sub/basic succeeded status_code=200
[2026-04-16 08:16:02] [INFO] event=portfolio_resolved fixAccountID=f72030f52dc94e38b4c32ee0d7f9a03b subAccountID=main instrument_count=0
[2026-04-16 08:16:02] [DEBUG] POST https://papertrade.algotrade.vn/accounting/api/account-info-by-sub/remain-cash payload_keys=['fixAccountID', 'subAccountID']
[2026-04-16 08:16:02] [DEBUG] POST https://papertrade.algotrade.vn/accounting/api/account-info-by-sub/remain-cash succeeded status_code=200
[2026-04-16 08:16:02] [INFO] event=remain_cash_resolved fixAccountID=f72030f52dc94e38b4c32ee0d7f9a03b subAccountID=main remainCash=472210000
[2026-04-16 08:16:30] [DEBUG] [TO ADMIN] 8=FIX.4.4|9=101|35=0|34=10|49=f2c11b00bf3d41fca072225f328ce98e|52=20260416-01:16:30.000|56=SERVER|1=main|553=Group13|10=053|
[2026-04-16 08:16:31] [DEBUG] [FROM ADMIN] 8=FIX.4.4|9=82|35=0|34=10|49=SERVER|52=20260416-01:16:31.285|56=f2c11b00bf3d41fca072225f328ce98e|10=189|
[2026-04-16 08:17:00] [DEBUG] [TO ADMIN] 8=FIX.4.4|9=101|35=0|34=11|49=f2c11b00bf3d41fca072225f328ce98e|52=20260416-01:17:00.000|56=SERVER|1=main|553=Group13|10=052|
[2026-04-16 08:17:01] [DEBUG] [FROM ADMIN] 8=FIX.4.4|9=82|35=0|34=11|49=SERVER|52=20260416-01:17:01.284|56=f2c11b00bf3d41fca072225f328ce98e|10=187|
[2026-04-16 08:17:01] [DEBUG] POST https://papertrade.algotrade.vn/accounting/api/portfolio-by-sub/basic payload_keys=['fixAccountID', 'subAccountID']
[2026-04-16 08:17:01] [DEBUG] POST https://papertrade.algotrade.vn/accounting/api/portfolio-by-sub/basic succeeded status_code=200
[2026-04-16 08:17:01] [INFO] event=portfolio_resolved fixAccountID=f72030f52dc94e38b4c32ee0d7f9a03b subAccountID=main instrument_count=0
[2026-04-16 08:17:01] [DEBUG] POST https://papertrade.algotrade.vn/accounting/api/account-info-by-sub/remain-cash payload_keys=['fixAccountID', 'subAccountID']
[2026-04-16 08:17:02] [DEBUG] POST https://papertrade.algotrade.vn/accounting/api/account-info-by-sub/remain-cash succeeded status_code=200
[2026-04-16 08:17:02] [INFO] event=remain_cash_resolved fixAccountID=f72030f52dc94e38b4c32ee0d7f9a03b subAccountID=main remainCash=472210000
[2026-04-16 08:17:30] [DEBUG] [TO ADMIN] 8=FIX.4.4|9=101|35=0|34=12|49=f2c11b00bf3d41fca072225f328ce98e|52=20260416-01:17:30.000|56=SERVER|1=main|553=Group13|10=056|
[2026-04-16 08:17:31] [DEBUG] [FROM ADMIN] 8=FIX.4.4|9=82|35=0|34=12|49=SERVER|52=20260416-01:17:31.284|56=f2c11b00bf3d41fca072225f328ce98e|10=191|
[2026-04-16 08:18:00] [DEBUG] [TO ADMIN] 8=FIX.4.4|9=101|35=0|34=13|49=f2c11b00bf3d41fca072225f328ce98e|52=20260416-01:18:00.000|56=SERVER|1=main|553=Group13|10=055|
[2026-04-16 08:18:01] [DEBUG] [FROM ADMIN] 8=FIX.4.4|9=82|35=0|34=13|49=SERVER|52=20260416-01:18:01.284|56=f2c11b00bf3d41fca072225f328ce98e|10=190|
[2026-04-16 08:18:01] [DEBUG] POST https://papertrade.algotrade.vn/accounting/api/portfolio-by-sub/basic payload_keys=['fixAccountID', 'subAccountID']
[2026-04-16 08:18:02] [DEBUG] POST https://papertrade.algotrade.vn/accounting/api/portfolio-by-sub/basic succeeded status_code=200
[2026-04-16 08:18:02] [INFO] event=portfolio_resolved fixAccountID=f72030f52dc94e38b4c32ee0d7f9a03b subAccountID=main instrument_count=0
[2026-04-16 08:18:02] [DEBUG] POST https://papertrade.algotrade.vn/accounting/api/account-info-by-sub/remain-cash payload_keys=['fixAccountID', 'subAccountID']
[2026-04-16 08:18:02] [DEBUG] POST https://papertrade.algotrade.vn/accounting/api/account-info-by-sub/remain-cash succeeded status_code=200
[2026-04-16 08:18:02] [INFO] event=remain_cash_resolved fixAccountID=f72030f52dc94e38b4c32ee0d7f9a03b subAccountID=main remainCash=472210000
[2026-04-16 08:18:30] [DEBUG] [TO ADMIN] 8=FIX.4.4|9=101|35=0|34=14|49=f2c11b00bf3d41fca072225f328ce98e|52=20260416-01:18:30.000|56=SERVER|1=main|553=Group13|10=059|
[2026-04-16 08:18:31] [DEBUG] [FROM ADMIN] 8=FIX.4.4|9=82|35=0|34=14|49=SERVER|52=20260416-01:18:31.284|56=f2c11b00bf3d41fca072225f328ce98e|10=194|
[2026-04-16 08:19:00] [DEBUG] [TO ADMIN] 8=FIX.4.4|9=101|35=0|34=15|49=f2c11b00bf3d41fca072225f328ce98e|52=20260416-01:19:00.000|56=SERVER|1=main|553=Group13|10=058|
[2026-04-16 08:19:01] [DEBUG] [FROM ADMIN] 8=FIX.4.4|9=82|35=0|34=15|49=SERVER|52=20260416-01:19:01.284|56=f2c11b00bf3d41fca072225f328ce98e|10=193|
[2026-04-16 08:19:01] [DEBUG] POST https://papertrade.algotrade.vn/accounting/api/portfolio-by-sub/basic payload_keys=['fixAccountID', 'subAccountID']
[2026-04-16 08:19:01] [DEBUG] POST https://papertrade.algotrade.vn/accounting/api/portfolio-by-sub/basic succeeded status_code=200
[2026-04-16 08:19:01] [INFO] event=portfolio_resolved fixAccountID=f72030f52dc94e38b4c32ee0d7f9a03b subAccountID=main instrument_count=0
[2026-04-16 08:19:01] [DEBUG] POST https://papertrade.algotrade.vn/accounting/api/account-info-by-sub/remain-cash payload_keys=['fixAccountID', 'subAccountID']
[2026-04-16 08:19:02] [DEBUG] POST https://papertrade.algotrade.vn/accounting/api/account-info-by-sub/remain-cash succeeded status_code=200
[2026-04-16 08:19:02] [INFO] event=remain_cash_resolved fixAccountID=f72030f52dc94e38b4c32ee0d7f9a03b subAccountID=main remainCash=472210000
[2026-04-16 08:19:30] [DEBUG] [TO ADMIN] 8=FIX.4.4|9=101|35=0|34=16|49=f2c11b00bf3d41fca072225f328ce98e|52=20260416-01:19:30.000|56=SERVER|1=main|553=Group13|10=062|
[2026-04-16 08:19:31] [DEBUG] [FROM ADMIN] 8=FIX.4.4|9=82|35=0|34=16|49=SERVER|52=20260416-01:19:31.284|56=f2c11b00bf3d41fca072225f328ce98e|10=197|
[2026-04-16 08:20:00] [DEBUG] [TO ADMIN] 8=FIX.4.4|9=101|35=0|34=17|49=f2c11b00bf3d41fca072225f328ce98e|52=20260416-01:20:00.000|56=SERVER|1=main|553=Group13|10=052|
[2026-04-16 08:20:01] [DEBUG] [FROM ADMIN] 8=FIX.4.4|9=82|35=0|34=17|49=SERVER|52=20260416-01:20:01.284|56=f2c11b00bf3d41fca072225f328ce98e|10=187|
[2026-04-16 08:20:01] [DEBUG] POST https://papertrade.algotrade.vn/accounting/api/portfolio-by-sub/basic payload_keys=['fixAccountID', 'subAccountID']
[2026-04-16 08:20:01] [DEBUG] POST https://papertrade.algotrade.vn/accounting/api/portfolio-by-sub/basic succeeded status_code=200
[2026-04-16 08:20:01] [INFO] event=portfolio_resolved fixAccountID=f72030f52dc94e38b4c32ee0d7f9a03b subAccountID=main instrument_count=0
[2026-04-16 08:20:01] [DEBUG] POST https://papertrade.algotrade.vn/accounting/api/account-info-by-sub/remain-cash payload_keys=['fixAccountID', 'subAccountID']
[2026-04-16 08:20:02] [DEBUG] POST https://papertrade.algotrade.vn/accounting/api/account-info-by-sub/remain-cash succeeded status_code=200
[2026-04-16 08:20:02] [INFO] event=remain_cash_resolved fixAccountID=f72030f52dc94e38b4c32ee0d7f9a03b subAccountID=main remainCash=472210000
[2026-04-16 08:20:30] [DEBUG] [TO ADMIN] 8=FIX.4.4|9=101|35=0|34=18|49=f2c11b00bf3d41fca072225f328ce98e|52=20260416-01:20:30.000|56=SERVER|1=main|553=Group13|10=056|
[2026-04-16 08:20:31] [DEBUG] [FROM ADMIN] 8=FIX.4.4|9=82|35=0|34=18|49=SERVER|52=20260416-01:20:31.284|56=f2c11b00bf3d41fca072225f328ce98e|10=191|
[2026-04-16 08:21:00] [DEBUG] [TO ADMIN] 8=FIX.4.4|9=101|35=0|34=19|49=f2c11b00bf3d41fca072225f328ce98e|52=20260416-01:21:00.000|56=SERVER|1=main|553=Group13|10=055|
[2026-04-16 08:21:01] [DEBUG] [FROM ADMIN] 8=FIX.4.4|9=82|35=0|34=19|49=SERVER|52=20260416-01:21:01.284|56=f2c11b00bf3d41fca072225f328ce98e|10=190|
[2026-04-16 08:21:01] [DEBUG] POST https://papertrade.algotrade.vn/accounting/api/portfolio-by-sub/basic payload_keys=['fixAccountID', 'subAccountID']
[2026-04-16 08:21:02] [DEBUG] POST https://papertrade.algotrade.vn/accounting/api/portfolio-by-sub/basic succeeded status_code=200
[2026-04-16 08:21:02] [INFO] event=portfolio_resolved fixAccountID=f72030f52dc94e38b4c32ee0d7f9a03b subAccountID=main instrument_count=0
[2026-04-16 08:21:02] [DEBUG] POST https://papertrade.algotrade.vn/accounting/api/account-info-by-sub/remain-cash payload_keys=['fixAccountID', 'subAccountID']
[2026-04-16 08:21:02] [DEBUG] POST https://papertrade.algotrade.vn/accounting/api/account-info-by-sub/remain-cash succeeded status_code=200
[2026-04-16 08:21:02] [INFO] event=remain_cash_resolved fixAccountID=f72030f52dc94e38b4c32ee0d7f9a03b subAccountID=main remainCash=472210000
[2026-04-16 08:21:30] [DEBUG] [TO ADMIN] 8=FIX.4.4|9=101|35=0|34=20|49=f2c11b00bf3d41fca072225f328ce98e|52=20260416-01:21:30.000|56=SERVER|1=main|553=Group13|10=050|
[2026-04-16 08:21:31] [DEBUG] [FROM ADMIN] 8=FIX.4.4|9=82|35=0|34=20|49=SERVER|52=20260416-01:21:31.284|56=f2c11b00bf3d41fca072225f328ce98e|10=185|
[2026-04-16 08:22:00] [DEBUG] [TO ADMIN] 8=FIX.4.4|9=101|35=0|34=21|49=f2c11b00bf3d41fca072225f328ce98e|52=20260416-01:22:00.000|56=SERVER|1=main|553=Group13|10=049|
[2026-04-16 08:22:01] [DEBUG] [FROM ADMIN] 8=FIX.4.4|9=82|35=0|34=21|49=SERVER|52=20260416-01:22:01.284|56=f2c11b00bf3d41fca072225f328ce98e|10=184|
[2026-04-16 08:22:02] [DEBUG] POST https://papertrade.algotrade.vn/accounting/api/portfolio-by-sub/basic payload_keys=['fixAccountID', 'subAccountID']
[2026-04-16 08:22:02] [DEBUG] POST https://papertrade.algotrade.vn/accounting/api/portfolio-by-sub/basic succeeded status_code=200
[2026-04-16 08:22:02] [INFO] event=portfolio_resolved fixAccountID=f72030f52dc94e38b4c32ee0d7f9a03b subAccountID=main instrument_count=0
[2026-04-16 08:22:02] [DEBUG] POST https://papertrade.algotrade.vn/accounting/api/account-info-by-sub/remain-cash payload_keys=['fixAccountID', 'subAccountID']
[2026-04-16 08:22:02] [DEBUG] POST https://papertrade.algotrade.vn/accounting/api/account-info-by-sub/remain-cash succeeded status_code=200
[2026-04-16 08:22:02] [INFO] event=remain_cash_resolved fixAccountID=f72030f52dc94e38b4c32ee0d7f9a03b subAccountID=main remainCash=472210000
[2026-04-16 08:22:30] [DEBUG] [TO ADMIN] 8=FIX.4.4|9=101|35=0|34=22|49=f2c11b00bf3d41fca072225f328ce98e|52=20260416-01:22:30.000|56=SERVER|1=main|553=Group13|10=053|
[2026-04-16 08:22:31] [DEBUG] [FROM ADMIN] 8=FIX.4.4|9=82|35=0|34=22|49=SERVER|52=20260416-01:22:31.284|56=f2c11b00bf3d41fca072225f328ce98e|10=188|
[2026-04-16 08:23:00] [DEBUG] [TO ADMIN] 8=FIX.4.4|9=101|35=0|34=23|49=f2c11b00bf3d41fca072225f328ce98e|52=20260416-01:23:00.000|56=SERVER|1=main|553=Group13|10=052|
[2026-04-16 08:23:01] [DEBUG] [FROM ADMIN] 8=FIX.4.4|9=82|35=0|34=23|49=SERVER|52=20260416-01:23:01.284|56=f2c11b00bf3d41fca072225f328ce98e|10=187|
[2026-04-16 08:23:01] [DEBUG] POST https://papertrade.algotrade.vn/accounting/api/portfolio-by-sub/basic payload_keys=['fixAccountID', 'subAccountID']
[2026-04-16 08:23:01] [DEBUG] POST https://papertrade.algotrade.vn/accounting/api/portfolio-by-sub/basic succeeded status_code=200
[2026-04-16 08:23:01] [INFO] event=portfolio_resolved fixAccountID=f72030f52dc94e38b4c32ee0d7f9a03b subAccountID=main instrument_count=0
[2026-04-16 08:23:01] [DEBUG] POST https://papertrade.algotrade.vn/accounting/api/account-info-by-sub/remain-cash payload_keys=['fixAccountID', 'subAccountID']
[2026-04-16 08:23:01] [DEBUG] POST https://papertrade.algotrade.vn/accounting/api/account-info-by-sub/remain-cash succeeded status_code=200
[2026-04-16 08:23:01] [INFO] event=remain_cash_resolved fixAccountID=f72030f52dc94e38b4c32ee0d7f9a03b subAccountID=main remainCash=472210000
[2026-04-16 08:23:30] [DEBUG] [TO ADMIN] 8=FIX.4.4|9=101|35=0|34=24|49=f2c11b00bf3d41fca072225f328ce98e|52=20260416-01:23:30.000|56=SERVER|1=main|553=Group13|10=056|
[2026-04-16 08:23:31] [DEBUG] [FROM ADMIN] 8=FIX.4.4|9=82|35=0|34=24|49=SERVER|52=20260416-01:23:31.284|56=f2c11b00bf3d41fca072225f328ce98e|10=191|
[2026-04-16 08:24:00] [DEBUG] [TO ADMIN] 8=FIX.4.4|9=101|35=0|34=25|49=f2c11b00bf3d41fca072225f328ce98e|52=20260416-01:24:00.000|56=SERVER|1=main|553=Group13|10=055|
[2026-04-16 08:24:01] [DEBUG] [FROM ADMIN] 8=FIX.4.4|9=82|35=0|34=25|49=SERVER|52=20260416-01:24:01.284|56=f2c11b00bf3d41fca072225f328ce98e|10=190|
[2026-04-16 08:24:01] [DEBUG] POST https://papertrade.algotrade.vn/accounting/api/portfolio-by-sub/basic payload_keys=['fixAccountID', 'subAccountID']
[2026-04-16 08:24:01] [DEBUG] POST https://papertrade.algotrade.vn/accounting/api/portfolio-by-sub/basic succeeded status_code=200
[2026-04-16 08:24:01] [INFO] event=portfolio_resolved fixAccountID=f72030f52dc94e38b4c32ee0d7f9a03b subAccountID=main instrument_count=0
[2026-04-16 08:24:01] [DEBUG] POST https://papertrade.algotrade.vn/accounting/api/account-info-by-sub/remain-cash payload_keys=['fixAccountID', 'subAccountID']
[2026-04-16 08:24:02] [DEBUG] POST https://papertrade.algotrade.vn/accounting/api/account-info-by-sub/remain-cash succeeded status_code=200
[2026-04-16 08:24:02] [INFO] event=remain_cash_resolved fixAccountID=f72030f52dc94e38b4c32ee0d7f9a03b subAccountID=main remainCash=472210000
[2026-04-16 08:24:30] [DEBUG] [TO ADMIN] 8=FIX.4.4|9=101|35=0|34=26|49=f2c11b00bf3d41fca072225f328ce98e|52=20260416-01:24:30.000|56=SERVER|1=main|553=Group13|10=059|
[2026-04-16 08:24:31] [DEBUG] [FROM ADMIN] 8=FIX.4.4|9=82|35=0|34=26|49=SERVER|52=20260416-01:24:31.284|56=f2c11b00bf3d41fca072225f328ce98e|10=194|
[2026-04-16 08:25:00] [DEBUG] [TO ADMIN] 8=FIX.4.4|9=101|35=0|34=27|49=f2c11b00bf3d41fca072225f328ce98e|52=20260416-01:25:00.000|56=SERVER|1=main|553=Group13|10=058|
[2026-04-16 08:25:01] [DEBUG] [FROM ADMIN] 8=FIX.4.4|9=82|35=0|34=27|49=SERVER|52=20260416-01:25:01.284|56=f2c11b00bf3d41fca072225f328ce98e|10=193|
[2026-04-16 08:25:01] [DEBUG] POST https://papertrade.algotrade.vn/accounting/api/portfolio-by-sub/basic payload_keys=['fixAccountID', 'subAccountID']
[2026-04-16 08:25:01] [DEBUG] POST https://papertrade.algotrade.vn/accounting/api/portfolio-by-sub/basic succeeded status_code=200
[2026-04-16 08:25:01] [INFO] event=portfolio_resolved fixAccountID=f72030f52dc94e38b4c32ee0d7f9a03b subAccountID=main instrument_count=0
[2026-04-16 08:25:01] [DEBUG] POST https://papertrade.algotrade.vn/accounting/api/account-info-by-sub/remain-cash payload_keys=['fixAccountID', 'subAccountID']
[2026-04-16 08:25:02] [DEBUG] POST https://papertrade.algotrade.vn/accounting/api/account-info-by-sub/remain-cash succeeded status_code=200
[2026-04-16 08:25:02] [INFO] event=remain_cash_resolved fixAccountID=f72030f52dc94e38b4c32ee0d7f9a03b subAccountID=main remainCash=472210000
[2026-04-16 08:25:30] [DEBUG] [TO ADMIN] 8=FIX.4.4|9=101|35=0|34=28|49=f2c11b00bf3d41fca072225f328ce98e|52=20260416-01:25:30.000|56=SERVER|1=main|553=Group13|10=062|
[2026-04-16 08:25:31] [DEBUG] [FROM ADMIN] 8=FIX.4.4|9=82|35=0|34=28|49=SERVER|52=20260416-01:25:31.284|56=f2c11b00bf3d41fca072225f328ce98e|10=197|
[2026-04-16 08:26:00] [DEBUG] [TO ADMIN] 8=FIX.4.4|9=101|35=0|34=29|49=f2c11b00bf3d41fca072225f328ce98e|52=20260416-01:26:00.000|56=SERVER|1=main|553=Group13|10=061|
[2026-04-16 08:26:01] [DEBUG] [FROM ADMIN] 8=FIX.4.4|9=82|35=0|34=29|49=SERVER|52=20260416-01:26:01.284|56=f2c11b00bf3d41fca072225f328ce98e|10=196|
[2026-04-16 08:26:01] [DEBUG] POST https://papertrade.algotrade.vn/accounting/api/portfolio-by-sub/basic payload_keys=['fixAccountID', 'subAccountID']
[2026-04-16 08:26:01] [DEBUG] POST https://papertrade.algotrade.vn/accounting/api/portfolio-by-sub/basic succeeded status_code=200
[2026-04-16 08:26:01] [INFO] event=portfolio_resolved fixAccountID=f72030f52dc94e38b4c32ee0d7f9a03b subAccountID=main instrument_count=0
[2026-04-16 08:26:01] [DEBUG] POST https://papertrade.algotrade.vn/accounting/api/account-info-by-sub/remain-cash payload_keys=['fixAccountID', 'subAccountID']
[2026-04-16 08:26:02] [DEBUG] POST https://papertrade.algotrade.vn/accounting/api/account-info-by-sub/remain-cash succeeded status_code=200
[2026-04-16 08:26:02] [INFO] event=remain_cash_resolved fixAccountID=f72030f52dc94e38b4c32ee0d7f9a03b subAccountID=main remainCash=472210000
[2026-04-16 08:26:30] [DEBUG] [TO ADMIN] 8=FIX.4.4|9=101|35=0|34=30|49=f2c11b00bf3d41fca072225f328ce98e|52=20260416-01:26:30.000|56=SERVER|1=main|553=Group13|10=056|
[2026-04-16 08:26:31] [DEBUG] [FROM ADMIN] 8=FIX.4.4|9=82|35=0|34=30|49=SERVER|52=20260416-01:26:31.284|56=f2c11b00bf3d41fca072225f328ce98e|10=191|
[2026-04-16 08:27:00] [DEBUG] [TO ADMIN] 8=FIX.4.4|9=101|35=0|34=31|49=f2c11b00bf3d41fca072225f328ce98e|52=20260416-01:27:00.000|56=SERVER|1=main|553=Group13|10=055|
[2026-04-16 08:27:01] [DEBUG] [FROM ADMIN] 8=FIX.4.4|9=82|35=0|34=31|49=SERVER|52=20260416-01:27:01.284|56=f2c11b00bf3d41fca072225f328ce98e|10=190|
[2026-04-16 08:27:01] [DEBUG] POST https://papertrade.algotrade.vn/accounting/api/portfolio-by-sub/basic payload_keys=['fixAccountID', 'subAccountID']
[2026-04-16 08:27:01] [DEBUG] POST https://papertrade.algotrade.vn/accounting/api/portfolio-by-sub/basic succeeded status_code=200
[2026-04-16 08:27:01] [INFO] event=portfolio_resolved fixAccountID=f72030f52dc94e38b4c32ee0d7f9a03b subAccountID=main instrument_count=0
[2026-04-16 08:27:01] [DEBUG] POST https://papertrade.algotrade.vn/accounting/api/account-info-by-sub/remain-cash payload_keys=['fixAccountID', 'subAccountID']
[2026-04-16 08:27:02] [DEBUG] POST https://papertrade.algotrade.vn/accounting/api/account-info-by-sub/remain-cash succeeded status_code=200
[2026-04-16 08:27:02] [INFO] event=remain_cash_resolved fixAccountID=f72030f52dc94e38b4c32ee0d7f9a03b subAccountID=main remainCash=472210000
[2026-04-16 08:27:30] [DEBUG] [TO ADMIN] 8=FIX.4.4|9=101|35=0|34=32|49=f2c11b00bf3d41fca072225f328ce98e|52=20260416-01:27:30.000|56=SERVER|1=main|553=Group13|10=059|
[2026-04-16 08:27:31] [DEBUG] [FROM ADMIN] 8=FIX.4.4|9=82|35=0|34=32|49=SERVER|52=20260416-01:27:31.284|56=f2c11b00bf3d41fca072225f328ce98e|10=194|
[2026-04-16 08:28:00] [DEBUG] [TO ADMIN] 8=FIX.4.4|9=101|35=0|34=33|49=f2c11b00bf3d41fca072225f328ce98e|52=20260416-01:28:00.000|56=SERVER|1=main|553=Group13|10=058|
[2026-04-16 08:28:01] [DEBUG] [FROM ADMIN] 8=FIX.4.4|9=82|35=0|34=33|49=SERVER|52=20260416-01:28:01.284|56=f2c11b00bf3d41fca072225f328ce98e|10=193|
[2026-04-16 08:28:01] [DEBUG] POST https://papertrade.algotrade.vn/accounting/api/portfolio-by-sub/basic payload_keys=['fixAccountID', 'subAccountID']
[2026-04-16 08:28:01] [DEBUG] POST https://papertrade.algotrade.vn/accounting/api/portfolio-by-sub/basic succeeded status_code=200
[2026-04-16 08:28:01] [INFO] event=portfolio_resolved fixAccountID=f72030f52dc94e38b4c32ee0d7f9a03b subAccountID=main instrument_count=0
[2026-04-16 08:28:01] [DEBUG] POST https://papertrade.algotrade.vn/accounting/api/account-info-by-sub/remain-cash payload_keys=['fixAccountID', 'subAccountID']
[2026-04-16 08:28:01] [DEBUG] POST https://papertrade.algotrade.vn/accounting/api/account-info-by-sub/remain-cash succeeded status_code=200
[2026-04-16 08:28:01] [INFO] event=remain_cash_resolved fixAccountID=f72030f52dc94e38b4c32ee0d7f9a03b subAccountID=main remainCash=472210000
[2026-04-16 08:28:30] [DEBUG] [TO ADMIN] 8=FIX.4.4|9=101|35=0|34=34|49=f2c11b00bf3d41fca072225f328ce98e|52=20260416-01:28:30.000|56=SERVER|1=main|553=Group13|10=062|
[2026-04-16 08:28:31] [DEBUG] [FROM ADMIN] 8=FIX.4.4|9=82|35=0|34=34|49=SERVER|52=20260416-01:28:31.284|56=f2c11b00bf3d41fca072225f328ce98e|10=197|
[2026-04-16 08:29:00] [DEBUG] [TO ADMIN] 8=FIX.4.4|9=101|35=0|34=35|49=f2c11b00bf3d41fca072225f328ce98e|52=20260416-01:29:00.000|56=SERVER|1=main|553=Group13|10=061|
[2026-04-16 08:29:01] [DEBUG] [FROM ADMIN] 8=FIX.4.4|9=82|35=0|34=35|49=SERVER|52=20260416-01:29:01.284|56=f2c11b00bf3d41fca072225f328ce98e|10=196|
[2026-04-16 08:29:01] [DEBUG] POST https://papertrade.algotrade.vn/accounting/api/portfolio-by-sub/basic payload_keys=['fixAccountID', 'subAccountID']
[2026-04-16 08:29:01] [DEBUG] POST https://papertrade.algotrade.vn/accounting/api/portfolio-by-sub/basic succeeded status_code=200
[2026-04-16 08:29:01] [INFO] event=portfolio_resolved fixAccountID=f72030f52dc94e38b4c32ee0d7f9a03b subAccountID=main instrument_count=0
[2026-04-16 08:29:01] [DEBUG] POST https://papertrade.algotrade.vn/accounting/api/account-info-by-sub/remain-cash payload_keys=['fixAccountID', 'subAccountID']
[2026-04-16 08:29:01] [DEBUG] POST https://papertrade.algotrade.vn/accounting/api/account-info-by-sub/remain-cash succeeded status_code=200
[2026-04-16 08:29:01] [INFO] event=remain_cash_resolved fixAccountID=f72030f52dc94e38b4c32ee0d7f9a03b subAccountID=main remainCash=472210000
[2026-04-16 08:29:30] [DEBUG] [TO ADMIN] 8=FIX.4.4|9=101|35=0|34=36|49=f2c11b00bf3d41fca072225f328ce98e|52=20260416-01:29:30.000|56=SERVER|1=main|553=Group13|10=065|
[2026-04-16 08:29:31] [DEBUG] [FROM ADMIN] 8=FIX.4.4|9=82|35=0|34=36|49=SERVER|52=20260416-01:29:31.284|56=f2c11b00bf3d41fca072225f328ce98e|10=200|
[2026-04-16 08:30:00] [DEBUG] [TO ADMIN] 8=FIX.4.4|9=101|35=0|34=37|49=f2c11b00bf3d41fca072225f328ce98e|52=20260416-01:30:00.000|56=SERVER|1=main|553=Group13|10=055|
[2026-04-16 08:30:01] [DEBUG] [FROM ADMIN] 8=FIX.4.4|9=82|35=0|34=37|49=SERVER|52=20260416-01:30:01.284|56=f2c11b00bf3d41fca072225f328ce98e|10=190|
[2026-04-16 08:30:02] [DEBUG] POST https://papertrade.algotrade.vn/accounting/api/portfolio-by-sub/basic payload_keys=['fixAccountID', 'subAccountID']
[2026-04-16 08:30:02] [DEBUG] POST https://papertrade.algotrade.vn/accounting/api/portfolio-by-sub/basic succeeded status_code=200
[2026-04-16 08:30:02] [INFO] event=portfolio_resolved fixAccountID=f72030f52dc94e38b4c32ee0d7f9a03b subAccountID=main instrument_count=0
[2026-04-16 08:30:02] [DEBUG] POST https://papertrade.algotrade.vn/accounting/api/account-info-by-sub/remain-cash payload_keys=['fixAccountID', 'subAccountID']
[2026-04-16 08:30:02] [DEBUG] POST https://papertrade.algotrade.vn/accounting/api/account-info-by-sub/remain-cash succeeded status_code=200
[2026-04-16 08:30:02] [INFO] event=remain_cash_resolved fixAccountID=f72030f52dc94e38b4c32ee0d7f9a03b subAccountID=main remainCash=472210000
[2026-04-16 08:30:30] [DEBUG] [TO ADMIN] 8=FIX.4.4|9=101|35=0|34=38|49=f2c11b00bf3d41fca072225f328ce98e|52=20260416-01:30:30.000|56=SERVER|1=main|553=Group13|10=059|
[2026-04-16 08:30:31] [DEBUG] [FROM ADMIN] 8=FIX.4.4|9=82|35=0|34=38|49=SERVER|52=20260416-01:30:31.284|56=f2c11b00bf3d41fca072225f328ce98e|10=194|
[2026-04-16 08:31:00] [DEBUG] [TO ADMIN] 8=FIX.4.4|9=101|35=0|34=39|49=f2c11b00bf3d41fca072225f328ce98e|52=20260416-01:31:00.000|56=SERVER|1=main|553=Group13|10=058|
[2026-04-16 08:31:01] [DEBUG] [FROM ADMIN] 8=FIX.4.4|9=82|35=0|34=39|49=SERVER|52=20260416-01:31:01.284|56=f2c11b00bf3d41fca072225f328ce98e|10=193|
[2026-04-16 08:31:01] [DEBUG] POST https://papertrade.algotrade.vn/accounting/api/portfolio-by-sub/basic payload_keys=['fixAccountID', 'subAccountID']
[2026-04-16 08:31:01] [DEBUG] POST https://papertrade.algotrade.vn/accounting/api/portfolio-by-sub/basic succeeded status_code=200
[2026-04-16 08:31:01] [INFO] event=portfolio_resolved fixAccountID=f72030f52dc94e38b4c32ee0d7f9a03b subAccountID=main instrument_count=0
[2026-04-16 08:31:01] [DEBUG] POST https://papertrade.algotrade.vn/accounting/api/account-info-by-sub/remain-cash payload_keys=['fixAccountID', 'subAccountID']
[2026-04-16 08:31:01] [DEBUG] POST https://papertrade.algotrade.vn/accounting/api/account-info-by-sub/remain-cash succeeded status_code=200
[2026-04-16 08:31:01] [INFO] event=remain_cash_resolved fixAccountID=f72030f52dc94e38b4c32ee0d7f9a03b subAccountID=main remainCash=472210000
[2026-04-16 08:31:30] [DEBUG] [TO ADMIN] 8=FIX.4.4|9=101|35=0|34=40|49=f2c11b00bf3d41fca072225f328ce98e|52=20260416-01:31:30.000|56=SERVER|1=main|553=Group13|10=053|
[2026-04-16 08:31:31] [DEBUG] [FROM ADMIN] 8=FIX.4.4|9=82|35=0|34=40|49=SERVER|52=20260416-01:31:31.284|56=f2c11b00bf3d41fca072225f328ce98e|10=188|
[2026-04-16 08:32:00] [DEBUG] [TO ADMIN] 8=FIX.4.4|9=101|35=0|34=41|49=f2c11b00bf3d41fca072225f328ce98e|52=20260416-01:32:00.000|56=SERVER|1=main|553=Group13|10=052|
[2026-04-16 08:32:01] [DEBUG] [FROM ADMIN] 8=FIX.4.4|9=82|35=0|34=41|49=SERVER|52=20260416-01:32:01.284|56=f2c11b00bf3d41fca072225f328ce98e|10=187|
[2026-04-16 08:32:01] [DEBUG] POST https://papertrade.algotrade.vn/accounting/api/portfolio-by-sub/basic payload_keys=['fixAccountID', 'subAccountID']
[2026-04-16 08:32:02] [DEBUG] POST https://papertrade.algotrade.vn/accounting/api/portfolio-by-sub/basic succeeded status_code=200
[2026-04-16 08:32:02] [INFO] event=portfolio_resolved fixAccountID=f72030f52dc94e38b4c32ee0d7f9a03b subAccountID=main instrument_count=0
[2026-04-16 08:32:02] [DEBUG] POST https://papertrade.algotrade.vn/accounting/api/account-info-by-sub/remain-cash payload_keys=['fixAccountID', 'subAccountID']
[2026-04-16 08:32:02] [DEBUG] POST https://papertrade.algotrade.vn/accounting/api/account-info-by-sub/remain-cash succeeded status_code=200
[2026-04-16 08:32:02] [INFO] event=remain_cash_resolved fixAccountID=f72030f52dc94e38b4c32ee0d7f9a03b subAccountID=main remainCash=472210000
[2026-04-16 08:32:30] [DEBUG] [TO ADMIN] 8=FIX.4.4|9=101|35=0|34=42|49=f2c11b00bf3d41fca072225f328ce98e|52=20260416-01:32:30.000|56=SERVER|1=main|553=Group13|10=056|
[2026-04-16 08:32:31] [DEBUG] [FROM ADMIN] 8=FIX.4.4|9=82|35=0|34=42|49=SERVER|52=20260416-01:32:31.284|56=f2c11b00bf3d41fca072225f328ce98e|10=191|
[2026-04-16 08:33:00] [DEBUG] [TO ADMIN] 8=FIX.4.4|9=101|35=0|34=43|49=f2c11b00bf3d41fca072225f328ce98e|52=20260416-01:33:00.000|56=SERVER|1=main|553=Group13|10=055|
[2026-04-16 08:33:01] [DEBUG] [FROM ADMIN] 8=FIX.4.4|9=82|35=0|34=43|49=SERVER|52=20260416-01:33:01.284|56=f2c11b00bf3d41fca072225f328ce98e|10=190|
[2026-04-16 08:33:01] [DEBUG] POST https://papertrade.algotrade.vn/accounting/api/portfolio-by-sub/basic payload_keys=['fixAccountID', 'subAccountID']
[2026-04-16 08:33:01] [DEBUG] POST https://papertrade.algotrade.vn/accounting/api/portfolio-by-sub/basic succeeded status_code=200
[2026-04-16 08:33:01] [INFO] event=portfolio_resolved fixAccountID=f72030f52dc94e38b4c32ee0d7f9a03b subAccountID=main instrument_count=0
[2026-04-16 08:33:01] [DEBUG] POST https://papertrade.algotrade.vn/accounting/api/account-info-by-sub/remain-cash payload_keys=['fixAccountID', 'subAccountID']
[2026-04-16 08:33:01] [DEBUG] POST https://papertrade.algotrade.vn/accounting/api/account-info-by-sub/remain-cash succeeded status_code=200
[2026-04-16 08:33:01] [INFO] event=remain_cash_resolved fixAccountID=f72030f52dc94e38b4c32ee0d7f9a03b subAccountID=main remainCash=472210000
[2026-04-16 08:33:30] [DEBUG] [TO ADMIN] 8=FIX.4.4|9=101|35=0|34=44|49=f2c11b00bf3d41fca072225f328ce98e|52=20260416-01:33:30.000|56=SERVER|1=main|553=Group13|10=059|
[2026-04-16 08:33:31] [DEBUG] [FROM ADMIN] 8=FIX.4.4|9=82|35=0|34=44|49=SERVER|52=20260416-01:33:31.284|56=f2c11b00bf3d41fca072225f328ce98e|10=194|
[2026-04-16 08:34:00] [DEBUG] [TO ADMIN] 8=FIX.4.4|9=101|35=0|34=45|49=f2c11b00bf3d41fca072225f328ce98e|52=20260416-01:34:00.000|56=SERVER|1=main|553=Group13|10=058|
[2026-04-16 08:34:01] [DEBUG] [FROM ADMIN] 8=FIX.4.4|9=82|35=0|34=45|49=SERVER|52=20260416-01:34:01.285|56=f2c11b00bf3d41fca072225f328ce98e|10=194|
[2026-04-16 08:34:01] [DEBUG] POST https://papertrade.algotrade.vn/accounting/api/portfolio-by-sub/basic payload_keys=['fixAccountID', 'subAccountID']
[2026-04-16 08:34:01] [DEBUG] POST https://papertrade.algotrade.vn/accounting/api/portfolio-by-sub/basic succeeded status_code=200
[2026-04-16 08:34:01] [INFO] event=portfolio_resolved fixAccountID=f72030f52dc94e38b4c32ee0d7f9a03b subAccountID=main instrument_count=0
[2026-04-16 08:34:01] [DEBUG] POST https://papertrade.algotrade.vn/accounting/api/account-info-by-sub/remain-cash payload_keys=['fixAccountID', 'subAccountID']
[2026-04-16 08:34:01] [DEBUG] POST https://papertrade.algotrade.vn/accounting/api/account-info-by-sub/remain-cash succeeded status_code=200
[2026-04-16 08:34:01] [INFO] event=remain_cash_resolved fixAccountID=f72030f52dc94e38b4c32ee0d7f9a03b subAccountID=main remainCash=472210000
[2026-04-16 08:34:30] [DEBUG] [TO ADMIN] 8=FIX.4.4|9=101|35=0|34=46|49=f2c11b00bf3d41fca072225f328ce98e|52=20260416-01:34:30.000|56=SERVER|1=main|553=Group13|10=062|
[2026-04-16 08:34:31] [DEBUG] [FROM ADMIN] 8=FIX.4.4|9=82|35=0|34=46|49=SERVER|52=20260416-01:34:31.284|56=f2c11b00bf3d41fca072225f328ce98e|10=197|
[2026-04-16 08:35:00] [DEBUG] [TO ADMIN] 8=FIX.4.4|9=101|35=0|34=47|49=f2c11b00bf3d41fca072225f328ce98e|52=20260416-01:35:00.000|56=SERVER|1=main|553=Group13|10=061|
[2026-04-16 08:35:01] [DEBUG] [FROM ADMIN] 8=FIX.4.4|9=82|35=0|34=47|49=SERVER|52=20260416-01:35:01.284|56=f2c11b00bf3d41fca072225f328ce98e|10=196|
[2026-04-16 08:35:01] [DEBUG] POST https://papertrade.algotrade.vn/accounting/api/portfolio-by-sub/basic payload_keys=['fixAccountID', 'subAccountID']
[2026-04-16 08:35:01] [DEBUG] POST https://papertrade.algotrade.vn/accounting/api/portfolio-by-sub/basic succeeded status_code=200
[2026-04-16 08:35:01] [INFO] event=portfolio_resolved fixAccountID=f72030f52dc94e38b4c32ee0d7f9a03b subAccountID=main instrument_count=0
[2026-04-16 08:35:01] [DEBUG] POST https://papertrade.algotrade.vn/accounting/api/account-info-by-sub/remain-cash payload_keys=['fixAccountID', 'subAccountID']
[2026-04-16 08:35:02] [DEBUG] POST https://papertrade.algotrade.vn/accounting/api/account-info-by-sub/remain-cash succeeded status_code=200
[2026-04-16 08:35:02] [INFO] event=remain_cash_resolved fixAccountID=f72030f52dc94e38b4c32ee0d7f9a03b subAccountID=main remainCash=472210000
[2026-04-16 08:35:30] [DEBUG] [TO ADMIN] 8=FIX.4.4|9=101|35=0|34=48|49=f2c11b00bf3d41fca072225f328ce98e|52=20260416-01:35:30.000|56=SERVER|1=main|553=Group13|10=065|
[2026-04-16 08:35:31] [DEBUG] [FROM ADMIN] 8=FIX.4.4|9=82|35=0|34=48|49=SERVER|52=20260416-01:35:31.284|56=f2c11b00bf3d41fca072225f328ce98e|10=200|
[2026-04-16 08:36:00] [DEBUG] [TO ADMIN] 8=FIX.4.4|9=101|35=0|34=49|49=f2c11b00bf3d41fca072225f328ce98e|52=20260416-01:36:00.000|56=SERVER|1=main|553=Group13|10=064|
[2026-04-16 08:36:01] [DEBUG] [FROM ADMIN] 8=FIX.4.4|9=82|35=0|34=49|49=SERVER|52=20260416-01:36:01.284|56=f2c11b00bf3d41fca072225f328ce98e|10=199|
[2026-04-16 08:36:01] [DEBUG] POST https://papertrade.algotrade.vn/accounting/api/portfolio-by-sub/basic payload_keys=['fixAccountID', 'subAccountID']
[2026-04-16 08:36:01] [DEBUG] POST https://papertrade.algotrade.vn/accounting/api/portfolio-by-sub/basic succeeded status_code=200
[2026-04-16 08:36:01] [INFO] event=portfolio_resolved fixAccountID=f72030f52dc94e38b4c32ee0d7f9a03b subAccountID=main instrument_count=0
[2026-04-16 08:36:01] [DEBUG] POST https://papertrade.algotrade.vn/accounting/api/account-info-by-sub/remain-cash payload_keys=['fixAccountID', 'subAccountID']
[2026-04-16 08:36:01] [DEBUG] POST https://papertrade.algotrade.vn/accounting/api/account-info-by-sub/remain-cash succeeded status_code=200
[2026-04-16 08:36:01] [INFO] event=remain_cash_resolved fixAccountID=f72030f52dc94e38b4c32ee0d7f9a03b subAccountID=main remainCash=472210000
[2026-04-16 08:36:30] [DEBUG] [TO ADMIN] 8=FIX.4.4|9=101|35=0|34=50|49=f2c11b00bf3d41fca072225f328ce98e|52=20260416-01:36:30.000|56=SERVER|1=main|553=Group13|10=059|
[2026-04-16 08:36:31] [DEBUG] [FROM ADMIN] 8=FIX.4.4|9=82|35=0|34=50|49=SERVER|52=20260416-01:36:31.284|56=f2c11b00bf3d41fca072225f328ce98e|10=194|
[2026-04-16 08:37:00] [DEBUG] [TO ADMIN] 8=FIX.4.4|9=101|35=0|34=51|49=f2c11b00bf3d41fca072225f328ce98e|52=20260416-01:37:00.000|56=SERVER|1=main|553=Group13|10=058|
[2026-04-16 08:37:01] [DEBUG] [FROM ADMIN] 8=FIX.4.4|9=82|35=0|34=51|49=SERVER|52=20260416-01:37:01.284|56=f2c11b00bf3d41fca072225f328ce98e|10=193|
[2026-04-16 08:37:02] [DEBUG] POST https://papertrade.algotrade.vn/accounting/api/portfolio-by-sub/basic payload_keys=['fixAccountID', 'subAccountID']
[2026-04-16 08:37:02] [DEBUG] POST https://papertrade.algotrade.vn/accounting/api/portfolio-by-sub/basic succeeded status_code=200
[2026-04-16 08:37:02] [INFO] event=portfolio_resolved fixAccountID=f72030f52dc94e38b4c32ee0d7f9a03b subAccountID=main instrument_count=0
[2026-04-16 08:37:02] [DEBUG] POST https://papertrade.algotrade.vn/accounting/api/account-info-by-sub/remain-cash payload_keys=['fixAccountID', 'subAccountID']
[2026-04-16 08:37:02] [DEBUG] POST https://papertrade.algotrade.vn/accounting/api/account-info-by-sub/remain-cash succeeded status_code=200
[2026-04-16 08:37:02] [INFO] event=remain_cash_resolved fixAccountID=f72030f52dc94e38b4c32ee0d7f9a03b subAccountID=main remainCash=472210000
[2026-04-16 08:37:30] [DEBUG] [TO ADMIN] 8=FIX.4.4|9=101|35=0|34=52|49=f2c11b00bf3d41fca072225f328ce98e|52=20260416-01:37:30.000|56=SERVER|1=main|553=Group13|10=062|
[2026-04-16 08:37:31] [DEBUG] [FROM ADMIN] 8=FIX.4.4|9=82|35=0|34=52|49=SERVER|52=20260416-01:37:31.284|56=f2c11b00bf3d41fca072225f328ce98e|10=197|
[2026-04-16 08:38:00] [DEBUG] [TO ADMIN] 8=FIX.4.4|9=101|35=0|34=53|49=f2c11b00bf3d41fca072225f328ce98e|52=20260416-01:38:00.000|56=SERVER|1=main|553=Group13|10=061|
[2026-04-16 08:38:01] [DEBUG] [FROM ADMIN] 8=FIX.4.4|9=82|35=0|34=53|49=SERVER|52=20260416-01:38:01.284|56=f2c11b00bf3d41fca072225f328ce98e|10=196|
[2026-04-16 08:38:01] [DEBUG] POST https://papertrade.algotrade.vn/accounting/api/portfolio-by-sub/basic payload_keys=['fixAccountID', 'subAccountID']
[2026-04-16 08:38:01] [DEBUG] POST https://papertrade.algotrade.vn/accounting/api/portfolio-by-sub/basic succeeded status_code=200
[2026-04-16 08:38:01] [INFO] event=portfolio_resolved fixAccountID=f72030f52dc94e38b4c32ee0d7f9a03b subAccountID=main instrument_count=0
[2026-04-16 08:38:01] [DEBUG] POST https://papertrade.algotrade.vn/accounting/api/account-info-by-sub/remain-cash payload_keys=['fixAccountID', 'subAccountID']
[2026-04-16 08:38:02] [DEBUG] POST https://papertrade.algotrade.vn/accounting/api/account-info-by-sub/remain-cash succeeded status_code=200
[2026-04-16 08:38:02] [INFO] event=remain_cash_resolved fixAccountID=f72030f52dc94e38b4c32ee0d7f9a03b subAccountID=main remainCash=472210000
[2026-04-16 08:38:30] [DEBUG] [TO ADMIN] 8=FIX.4.4|9=101|35=0|34=54|49=f2c11b00bf3d41fca072225f328ce98e|52=20260416-01:38:30.000|56=SERVER|1=main|553=Group13|10=065|
[2026-04-16 08:38:31] [DEBUG] [FROM ADMIN] 8=FIX.4.4|9=82|35=0|34=54|49=SERVER|52=20260416-01:38:31.285|56=f2c11b00bf3d41fca072225f328ce98e|10=201|
[2026-04-16 08:39:00] [DEBUG] [TO ADMIN] 8=FIX.4.4|9=101|35=0|34=55|49=f2c11b00bf3d41fca072225f328ce98e|52=20260416-01:39:00.000|56=SERVER|1=main|553=Group13|10=064|
[2026-04-16 08:39:01] [DEBUG] [FROM ADMIN] 8=FIX.4.4|9=82|35=0|34=55|49=SERVER|52=20260416-01:39:01.284|56=f2c11b00bf3d41fca072225f328ce98e|10=199|
[2026-04-16 08:39:01] [DEBUG] POST https://papertrade.algotrade.vn/accounting/api/portfolio-by-sub/basic payload_keys=['fixAccountID', 'subAccountID']
[2026-04-16 08:39:01] [DEBUG] POST https://papertrade.algotrade.vn/accounting/api/portfolio-by-sub/basic succeeded status_code=200
[2026-04-16 08:39:01] [INFO] event=portfolio_resolved fixAccountID=f72030f52dc94e38b4c32ee0d7f9a03b subAccountID=main instrument_count=0
[2026-04-16 08:39:01] [DEBUG] POST https://papertrade.algotrade.vn/accounting/api/account-info-by-sub/remain-cash payload_keys=['fixAccountID', 'subAccountID']
[2026-04-16 08:39:01] [DEBUG] POST https://papertrade.algotrade.vn/accounting/api/account-info-by-sub/remain-cash succeeded status_code=200
[2026-04-16 08:39:01] [INFO] event=remain_cash_resolved fixAccountID=f72030f52dc94e38b4c32ee0d7f9a03b subAccountID=main remainCash=472210000
[2026-04-16 08:39:30] [DEBUG] [TO ADMIN] 8=FIX.4.4|9=101|35=0|34=56|49=f2c11b00bf3d41fca072225f328ce98e|52=20260416-01:39:30.000|56=SERVER|1=main|553=Group13|10=068|
[2026-04-16 08:39:31] [DEBUG] [FROM ADMIN] 8=FIX.4.4|9=82|35=0|34=56|49=SERVER|52=20260416-01:39:31.284|56=f2c11b00bf3d41fca072225f328ce98e|10=203|
[2026-04-16 08:40:00] [DEBUG] [TO ADMIN] 8=FIX.4.4|9=101|35=0|34=57|49=f2c11b00bf3d41fca072225f328ce98e|52=20260416-01:40:00.000|56=SERVER|1=main|553=Group13|10=058|
[2026-04-16 08:40:01] [DEBUG] [FROM ADMIN] 8=FIX.4.4|9=82|35=0|34=57|49=SERVER|52=20260416-01:40:01.284|56=f2c11b00bf3d41fca072225f328ce98e|10=193|
[2026-04-16 08:40:01] [DEBUG] POST https://papertrade.algotrade.vn/accounting/api/portfolio-by-sub/basic payload_keys=['fixAccountID', 'subAccountID']
[2026-04-16 08:40:01] [DEBUG] POST https://papertrade.algotrade.vn/accounting/api/portfolio-by-sub/basic succeeded status_code=200
[2026-04-16 08:40:01] [INFO] event=portfolio_resolved fixAccountID=f72030f52dc94e38b4c32ee0d7f9a03b subAccountID=main instrument_count=0
[2026-04-16 08:40:01] [DEBUG] POST https://papertrade.algotrade.vn/accounting/api/account-info-by-sub/remain-cash payload_keys=['fixAccountID', 'subAccountID']
[2026-04-16 08:40:02] [DEBUG] POST https://papertrade.algotrade.vn/accounting/api/account-info-by-sub/remain-cash succeeded status_code=200
[2026-04-16 08:40:02] [INFO] event=remain_cash_resolved fixAccountID=f72030f52dc94e38b4c32ee0d7f9a03b subAccountID=main remainCash=472210000
[2026-04-16 08:40:30] [DEBUG] [TO ADMIN] 8=FIX.4.4|9=101|35=0|34=58|49=f2c11b00bf3d41fca072225f328ce98e|52=20260416-01:40:30.000|56=SERVER|1=main|553=Group13|10=062|
[2026-04-16 08:40:31] [DEBUG] [FROM ADMIN] 8=FIX.4.4|9=82|35=0|34=58|49=SERVER|52=20260416-01:40:31.285|56=f2c11b00bf3d41fca072225f328ce98e|10=198|
[2026-04-16 08:41:00] [DEBUG] [TO ADMIN] 8=FIX.4.4|9=101|35=0|34=59|49=f2c11b00bf3d41fca072225f328ce98e|52=20260416-01:41:00.000|56=SERVER|1=main|553=Group13|10=061|
[2026-04-16 08:41:01] [DEBUG] [FROM ADMIN] 8=FIX.4.4|9=82|35=0|34=59|49=SERVER|52=20260416-01:41:01.284|56=f2c11b00bf3d41fca072225f328ce98e|10=196|
[2026-04-16 08:41:01] [DEBUG] POST https://papertrade.algotrade.vn/accounting/api/portfolio-by-sub/basic payload_keys=['fixAccountID', 'subAccountID']
[2026-04-16 08:41:01] [DEBUG] POST https://papertrade.algotrade.vn/accounting/api/portfolio-by-sub/basic succeeded status_code=200
[2026-04-16 08:41:01] [INFO] event=portfolio_resolved fixAccountID=f72030f52dc94e38b4c32ee0d7f9a03b subAccountID=main instrument_count=0
[2026-04-16 08:41:01] [DEBUG] POST https://papertrade.algotrade.vn/accounting/api/account-info-by-sub/remain-cash payload_keys=['fixAccountID', 'subAccountID']
[2026-04-16 08:41:02] [DEBUG] POST https://papertrade.algotrade.vn/accounting/api/account-info-by-sub/remain-cash succeeded status_code=200
[2026-04-16 08:41:02] [INFO] event=remain_cash_resolved fixAccountID=f72030f52dc94e38b4c32ee0d7f9a03b subAccountID=main remainCash=472210000
[2026-04-16 08:41:30] [DEBUG] [TO ADMIN] 8=FIX.4.4|9=101|35=0|34=60|49=f2c11b00bf3d41fca072225f328ce98e|52=20260416-01:41:30.000|56=SERVER|1=main|553=Group13|10=056|
[2026-04-16 08:41:31] [DEBUG] [FROM ADMIN] 8=FIX.4.4|9=82|35=0|34=60|49=SERVER|52=20260416-01:41:31.284|56=f2c11b00bf3d41fca072225f328ce98e|10=191|
[2026-04-16 08:42:00] [DEBUG] [TO ADMIN] 8=FIX.4.4|9=101|35=0|34=61|49=f2c11b00bf3d41fca072225f328ce98e|52=20260416-01:42:00.000|56=SERVER|1=main|553=Group13|10=055|
[2026-04-16 08:42:01] [DEBUG] [FROM ADMIN] 8=FIX.4.4|9=82|35=0|34=61|49=SERVER|52=20260416-01:42:01.284|56=f2c11b00bf3d41fca072225f328ce98e|10=190|
[2026-04-16 08:42:01] [DEBUG] POST https://papertrade.algotrade.vn/accounting/api/portfolio-by-sub/basic payload_keys=['fixAccountID', 'subAccountID']
[2026-04-16 08:42:01] [DEBUG] POST https://papertrade.algotrade.vn/accounting/api/portfolio-by-sub/basic succeeded status_code=200
[2026-04-16 08:42:01] [INFO] event=portfolio_resolved fixAccountID=f72030f52dc94e38b4c32ee0d7f9a03b subAccountID=main instrument_count=0
[2026-04-16 08:42:01] [DEBUG] POST https://papertrade.algotrade.vn/accounting/api/account-info-by-sub/remain-cash payload_keys=['fixAccountID', 'subAccountID']
[2026-04-16 08:42:02] [DEBUG] POST https://papertrade.algotrade.vn/accounting/api/account-info-by-sub/remain-cash succeeded status_code=200
[2026-04-16 08:42:02] [INFO] event=remain_cash_resolved fixAccountID=f72030f52dc94e38b4c32ee0d7f9a03b subAccountID=main remainCash=472210000
[2026-04-16 08:42:30] [DEBUG] [TO ADMIN] 8=FIX.4.4|9=101|35=0|34=62|49=f2c11b00bf3d41fca072225f328ce98e|52=20260416-01:42:30.000|56=SERVER|1=main|553=Group13|10=059|
[2026-04-16 08:42:31] [DEBUG] [FROM ADMIN] 8=FIX.4.4|9=82|35=0|34=62|49=SERVER|52=20260416-01:42:31.284|56=f2c11b00bf3d41fca072225f328ce98e|10=194|
[2026-04-16 08:43:00] [DEBUG] [TO ADMIN] 8=FIX.4.4|9=101|35=0|34=63|49=f2c11b00bf3d41fca072225f328ce98e|52=20260416-01:43:00.000|56=SERVER|1=main|553=Group13|10=058|
[2026-04-16 08:43:01] [DEBUG] [FROM ADMIN] 8=FIX.4.4|9=82|35=0|34=63|49=SERVER|52=20260416-01:43:01.284|56=f2c11b00bf3d41fca072225f328ce98e|10=193|
[2026-04-16 08:43:01] [DEBUG] POST https://papertrade.algotrade.vn/accounting/api/portfolio-by-sub/basic payload_keys=['fixAccountID', 'subAccountID']
[2026-04-16 08:43:01] [DEBUG] POST https://papertrade.algotrade.vn/accounting/api/portfolio-by-sub/basic succeeded status_code=200
[2026-04-16 08:43:01] [INFO] event=portfolio_resolved fixAccountID=f72030f52dc94e38b4c32ee0d7f9a03b subAccountID=main instrument_count=0
[2026-04-16 08:43:01] [DEBUG] POST https://papertrade.algotrade.vn/accounting/api/account-info-by-sub/remain-cash payload_keys=['fixAccountID', 'subAccountID']
[2026-04-16 08:43:02] [DEBUG] POST https://papertrade.algotrade.vn/accounting/api/account-info-by-sub/remain-cash succeeded status_code=200
[2026-04-16 08:43:02] [INFO] event=remain_cash_resolved fixAccountID=f72030f52dc94e38b4c32ee0d7f9a03b subAccountID=main remainCash=472210000
[2026-04-16 08:43:30] [DEBUG] [TO ADMIN] 8=FIX.4.4|9=101|35=0|34=64|49=f2c11b00bf3d41fca072225f328ce98e|52=20260416-01:43:30.000|56=SERVER|1=main|553=Group13|10=062|
[2026-04-16 08:43:31] [DEBUG] [FROM ADMIN] 8=FIX.4.4|9=82|35=0|34=64|49=SERVER|52=20260416-01:43:31.284|56=f2c11b00bf3d41fca072225f328ce98e|10=197|
[2026-04-16 08:44:00] [DEBUG] [TO ADMIN] 8=FIX.4.4|9=101|35=0|34=65|49=f2c11b00bf3d41fca072225f328ce98e|52=20260416-01:44:00.000|56=SERVER|1=main|553=Group13|10=061|
[2026-04-16 08:44:01] [DEBUG] [FROM ADMIN] 8=FIX.4.4|9=82|35=0|34=65|49=SERVER|52=20260416-01:44:01.284|56=f2c11b00bf3d41fca072225f328ce98e|10=196|
[2026-04-16 08:44:01] [DEBUG] POST https://papertrade.algotrade.vn/accounting/api/portfolio-by-sub/basic payload_keys=['fixAccountID', 'subAccountID']
[2026-04-16 08:44:01] [DEBUG] POST https://papertrade.algotrade.vn/accounting/api/portfolio-by-sub/basic succeeded status_code=200
[2026-04-16 08:44:01] [INFO] event=portfolio_resolved fixAccountID=f72030f52dc94e38b4c32ee0d7f9a03b subAccountID=main instrument_count=0
[2026-04-16 08:44:01] [DEBUG] POST https://papertrade.algotrade.vn/accounting/api/account-info-by-sub/remain-cash payload_keys=['fixAccountID', 'subAccountID']
[2026-04-16 08:44:01] [DEBUG] POST https://papertrade.algotrade.vn/accounting/api/account-info-by-sub/remain-cash succeeded status_code=200
[2026-04-16 08:44:01] [INFO] event=remain_cash_resolved fixAccountID=f72030f52dc94e38b4c32ee0d7f9a03b subAccountID=main remainCash=472210000
[2026-04-16 08:44:30] [DEBUG] [TO ADMIN] 8=FIX.4.4|9=101|35=0|34=66|49=f2c11b00bf3d41fca072225f328ce98e|52=20260416-01:44:30.000|56=SERVER|1=main|553=Group13|10=065|
[2026-04-16 08:44:31] [DEBUG] [FROM ADMIN] 8=FIX.4.4|9=82|35=0|34=66|49=SERVER|52=20260416-01:44:31.284|56=f2c11b00bf3d41fca072225f328ce98e|10=200|
[2026-04-16 08:45:00] [DEBUG] [TO ADMIN] 8=FIX.4.4|9=101|35=0|34=67|49=f2c11b00bf3d41fca072225f328ce98e|52=20260416-01:45:00.000|56=SERVER|1=main|553=Group13|10=064|
[2026-04-16 08:45:01] [DEBUG] [FROM ADMIN] 8=FIX.4.4|9=82|35=0|34=67|49=SERVER|52=20260416-01:45:01.284|56=f2c11b00bf3d41fca072225f328ce98e|10=199|
[2026-04-16 08:45:01] [DEBUG] POST https://papertrade.algotrade.vn/accounting/api/portfolio-by-sub/basic payload_keys=['fixAccountID', 'subAccountID']
[2026-04-16 08:45:02] [DEBUG] POST https://papertrade.algotrade.vn/accounting/api/portfolio-by-sub/basic succeeded status_code=200
[2026-04-16 08:45:02] [INFO] event=portfolio_resolved fixAccountID=f72030f52dc94e38b4c32ee0d7f9a03b subAccountID=main instrument_count=0
[2026-04-16 08:45:02] [DEBUG] POST https://papertrade.algotrade.vn/accounting/api/account-info-by-sub/remain-cash payload_keys=['fixAccountID', 'subAccountID']
[2026-04-16 08:45:02] [DEBUG] POST https://papertrade.algotrade.vn/accounting/api/account-info-by-sub/remain-cash succeeded status_code=200
[2026-04-16 08:45:02] [INFO] event=remain_cash_resolved fixAccountID=f72030f52dc94e38b4c32ee0d7f9a03b subAccountID=main remainCash=472210000
[2026-04-16 08:45:30] [DEBUG] [TO ADMIN] 8=FIX.4.4|9=101|35=0|34=68|49=f2c11b00bf3d41fca072225f328ce98e|52=20260416-01:45:30.000|56=SERVER|1=main|553=Group13|10=068|
[2026-04-16 08:45:31] [DEBUG] [FROM ADMIN] 8=FIX.4.4|9=82|35=0|34=68|49=SERVER|52=20260416-01:45:31.284|56=f2c11b00bf3d41fca072225f328ce98e|10=203|
[2026-04-16 08:46:00] [DEBUG] [TO ADMIN] 8=FIX.4.4|9=101|35=0|34=69|49=f2c11b00bf3d41fca072225f328ce98e|52=20260416-01:46:00.000|56=SERVER|1=main|553=Group13|10=067|
[2026-04-16 08:46:01] [DEBUG] [FROM ADMIN] 8=FIX.4.4|9=82|35=0|34=69|49=SERVER|52=20260416-01:46:01.284|56=f2c11b00bf3d41fca072225f328ce98e|10=202|
[2026-04-16 08:46:01] [DEBUG] POST https://papertrade.algotrade.vn/accounting/api/portfolio-by-sub/basic payload_keys=['fixAccountID', 'subAccountID']
[2026-04-16 08:46:01] [DEBUG] POST https://papertrade.algotrade.vn/accounting/api/portfolio-by-sub/basic succeeded status_code=200
[2026-04-16 08:46:01] [INFO] event=portfolio_resolved fixAccountID=f72030f52dc94e38b4c32ee0d7f9a03b subAccountID=main instrument_count=0
[2026-04-16 08:46:01] [DEBUG] POST https://papertrade.algotrade.vn/accounting/api/account-info-by-sub/remain-cash payload_keys=['fixAccountID', 'subAccountID']
[2026-04-16 08:46:01] [DEBUG] POST https://papertrade.algotrade.vn/accounting/api/account-info-by-sub/remain-cash succeeded status_code=200
[2026-04-16 08:46:01] [INFO] event=remain_cash_resolved fixAccountID=f72030f52dc94e38b4c32ee0d7f9a03b subAccountID=main remainCash=472210000
[2026-04-16 08:46:30] [DEBUG] [TO ADMIN] 8=FIX.4.4|9=101|35=0|34=70|49=f2c11b00bf3d41fca072225f328ce98e|52=20260416-01:46:30.000|56=SERVER|1=main|553=Group13|10=062|
[2026-04-16 08:46:31] [DEBUG] [FROM ADMIN] 8=FIX.4.4|9=82|35=0|34=70|49=SERVER|52=20260416-01:46:31.284|56=f2c11b00bf3d41fca072225f328ce98e|10=197|
[2026-04-16 08:47:00] [DEBUG] [TO ADMIN] 8=FIX.4.4|9=101|35=0|34=71|49=f2c11b00bf3d41fca072225f328ce98e|52=20260416-01:47:00.000|56=SERVER|1=main|553=Group13|10=061|
[2026-04-16 08:47:01] [DEBUG] [FROM ADMIN] 8=FIX.4.4|9=82|35=0|34=71|49=SERVER|52=20260416-01:47:01.284|56=f2c11b00bf3d41fca072225f328ce98e|10=196|
[2026-04-16 08:47:01] [DEBUG] POST https://papertrade.algotrade.vn/accounting/api/portfolio-by-sub/basic payload_keys=['fixAccountID', 'subAccountID']
[2026-04-16 08:47:02] [DEBUG] POST https://papertrade.algotrade.vn/accounting/api/portfolio-by-sub/basic succeeded status_code=200
[2026-04-16 08:47:02] [INFO] event=portfolio_resolved fixAccountID=f72030f52dc94e38b4c32ee0d7f9a03b subAccountID=main instrument_count=0
[2026-04-16 08:47:02] [DEBUG] POST https://papertrade.algotrade.vn/accounting/api/account-info-by-sub/remain-cash payload_keys=['fixAccountID', 'subAccountID']
[2026-04-16 08:47:02] [DEBUG] POST https://papertrade.algotrade.vn/accounting/api/account-info-by-sub/remain-cash succeeded status_code=200
[2026-04-16 08:47:02] [INFO] event=remain_cash_resolved fixAccountID=f72030f52dc94e38b4c32ee0d7f9a03b subAccountID=main remainCash=472210000
[2026-04-16 08:47:30] [DEBUG] [TO ADMIN] 8=FIX.4.4|9=101|35=0|34=72|49=f2c11b00bf3d41fca072225f328ce98e|52=20260416-01:47:30.000|56=SERVER|1=main|553=Group13|10=065|
[2026-04-16 08:47:31] [DEBUG] [FROM ADMIN] 8=FIX.4.4|9=82|35=0|34=72|49=SERVER|52=20260416-01:47:31.284|56=f2c11b00bf3d41fca072225f328ce98e|10=200|
[2026-04-16 08:48:00] [DEBUG] [TO ADMIN] 8=FIX.4.4|9=101|35=0|34=73|49=f2c11b00bf3d41fca072225f328ce98e|52=20260416-01:48:00.000|56=SERVER|1=main|553=Group13|10=064|
[2026-04-16 08:48:01] [DEBUG] [FROM ADMIN] 8=FIX.4.4|9=82|35=0|34=73|49=SERVER|52=20260416-01:48:01.284|56=f2c11b00bf3d41fca072225f328ce98e|10=199|
[2026-04-16 08:48:01] [DEBUG] POST https://papertrade.algotrade.vn/accounting/api/portfolio-by-sub/basic payload_keys=['fixAccountID', 'subAccountID']
[2026-04-16 08:48:01] [DEBUG] POST https://papertrade.algotrade.vn/accounting/api/portfolio-by-sub/basic succeeded status_code=200
[2026-04-16 08:48:01] [INFO] event=portfolio_resolved fixAccountID=f72030f52dc94e38b4c32ee0d7f9a03b subAccountID=main instrument_count=0
[2026-04-16 08:48:01] [DEBUG] POST https://papertrade.algotrade.vn/accounting/api/account-info-by-sub/remain-cash payload_keys=['fixAccountID', 'subAccountID']
[2026-04-16 08:48:01] [DEBUG] POST https://papertrade.algotrade.vn/accounting/api/account-info-by-sub/remain-cash succeeded status_code=200
[2026-04-16 08:48:01] [INFO] event=remain_cash_resolved fixAccountID=f72030f52dc94e38b4c32ee0d7f9a03b subAccountID=main remainCash=472210000
[2026-04-16 08:48:30] [DEBUG] [TO ADMIN] 8=FIX.4.4|9=101|35=0|34=74|49=f2c11b00bf3d41fca072225f328ce98e|52=20260416-01:48:30.000|56=SERVER|1=main|553=Group13|10=068|
[2026-04-16 08:48:31] [DEBUG] [FROM ADMIN] 8=FIX.4.4|9=82|35=0|34=74|49=SERVER|52=20260416-01:48:31.284|56=f2c11b00bf3d41fca072225f328ce98e|10=203|
[2026-04-16 08:49:00] [DEBUG] [TO ADMIN] 8=FIX.4.4|9=101|35=0|34=75|49=f2c11b00bf3d41fca072225f328ce98e|52=20260416-01:49:00.000|56=SERVER|1=main|553=Group13|10=067|
[2026-04-16 08:49:01] [DEBUG] [FROM ADMIN] 8=FIX.4.4|9=82|35=0|34=75|49=SERVER|52=20260416-01:49:01.284|56=f2c11b00bf3d41fca072225f328ce98e|10=202|
[2026-04-16 08:49:01] [DEBUG] POST https://papertrade.algotrade.vn/accounting/api/portfolio-by-sub/basic payload_keys=['fixAccountID', 'subAccountID']
[2026-04-16 08:49:01] [DEBUG] POST https://papertrade.algotrade.vn/accounting/api/portfolio-by-sub/basic succeeded status_code=200
[2026-04-16 08:49:01] [INFO] event=portfolio_resolved fixAccountID=f72030f52dc94e38b4c32ee0d7f9a03b subAccountID=main instrument_count=0
[2026-04-16 08:49:01] [DEBUG] POST https://papertrade.algotrade.vn/accounting/api/account-info-by-sub/remain-cash payload_keys=['fixAccountID', 'subAccountID']
[2026-04-16 08:49:01] [DEBUG] POST https://papertrade.algotrade.vn/accounting/api/account-info-by-sub/remain-cash succeeded status_code=200
[2026-04-16 08:49:01] [INFO] event=remain_cash_resolved fixAccountID=f72030f52dc94e38b4c32ee0d7f9a03b subAccountID=main remainCash=472210000
[2026-04-16 08:49:30] [DEBUG] [TO ADMIN] 8=FIX.4.4|9=101|35=0|34=76|49=f2c11b00bf3d41fca072225f328ce98e|52=20260416-01:49:30.000|56=SERVER|1=main|553=Group13|10=071|
[2026-04-16 08:49:31] [DEBUG] [FROM ADMIN] 8=FIX.4.4|9=82|35=0|34=76|49=SERVER|52=20260416-01:49:31.284|56=f2c11b00bf3d41fca072225f328ce98e|10=206|
[2026-04-16 08:50:00] [DEBUG] [TO ADMIN] 8=FIX.4.4|9=101|35=0|34=77|49=f2c11b00bf3d41fca072225f328ce98e|52=20260416-01:50:00.000|56=SERVER|1=main|553=Group13|10=061|
[2026-04-16 08:50:01] [DEBUG] [FROM ADMIN] 8=FIX.4.4|9=82|35=0|34=77|49=SERVER|52=20260416-01:50:01.284|56=f2c11b00bf3d41fca072225f328ce98e|10=196|
[2026-04-16 08:50:01] [DEBUG] POST https://papertrade.algotrade.vn/accounting/api/portfolio-by-sub/basic payload_keys=['fixAccountID', 'subAccountID']
[2026-04-16 08:50:01] [DEBUG] POST https://papertrade.algotrade.vn/accounting/api/portfolio-by-sub/basic succeeded status_code=200
[2026-04-16 08:50:01] [INFO] event=portfolio_resolved fixAccountID=f72030f52dc94e38b4c32ee0d7f9a03b subAccountID=main instrument_count=0
[2026-04-16 08:50:01] [DEBUG] POST https://papertrade.algotrade.vn/accounting/api/account-info-by-sub/remain-cash payload_keys=['fixAccountID', 'subAccountID']
[2026-04-16 08:50:02] [DEBUG] POST https://papertrade.algotrade.vn/accounting/api/account-info-by-sub/remain-cash succeeded status_code=200
[2026-04-16 08:50:02] [INFO] event=remain_cash_resolved fixAccountID=f72030f52dc94e38b4c32ee0d7f9a03b subAccountID=main remainCash=472210000
[2026-04-16 08:50:30] [DEBUG] [TO ADMIN] 8=FIX.4.4|9=101|35=0|34=78|49=f2c11b00bf3d41fca072225f328ce98e|52=20260416-01:50:30.000|56=SERVER|1=main|553=Group13|10=065|
[2026-04-16 08:50:31] [DEBUG] [FROM ADMIN] 8=FIX.4.4|9=82|35=0|34=78|49=SERVER|52=20260416-01:50:31.285|56=f2c11b00bf3d41fca072225f328ce98e|10=201|
[2026-04-16 08:51:00] [DEBUG] [TO ADMIN] 8=FIX.4.4|9=101|35=0|34=79|49=f2c11b00bf3d41fca072225f328ce98e|52=20260416-01:51:00.000|56=SERVER|1=main|553=Group13|10=064|
[2026-04-16 08:51:01] [DEBUG] [FROM ADMIN] 8=FIX.4.4|9=82|35=0|34=79|49=SERVER|52=20260416-01:51:01.284|56=f2c11b00bf3d41fca072225f328ce98e|10=199|
[2026-04-16 08:51:01] [DEBUG] POST https://papertrade.algotrade.vn/accounting/api/portfolio-by-sub/basic payload_keys=['fixAccountID', 'subAccountID']
[2026-04-16 08:51:01] [DEBUG] POST https://papertrade.algotrade.vn/accounting/api/portfolio-by-sub/basic succeeded status_code=200
[2026-04-16 08:51:01] [INFO] event=portfolio_resolved fixAccountID=f72030f52dc94e38b4c32ee0d7f9a03b subAccountID=main instrument_count=0
[2026-04-16 08:51:01] [DEBUG] POST https://papertrade.algotrade.vn/accounting/api/account-info-by-sub/remain-cash payload_keys=['fixAccountID', 'subAccountID']
[2026-04-16 08:51:02] [DEBUG] POST https://papertrade.algotrade.vn/accounting/api/account-info-by-sub/remain-cash succeeded status_code=200
[2026-04-16 08:51:02] [INFO] event=remain_cash_resolved fixAccountID=f72030f52dc94e38b4c32ee0d7f9a03b subAccountID=main remainCash=472210000
[2026-04-16 08:51:30] [DEBUG] [TO ADMIN] 8=FIX.4.4|9=101|35=0|34=80|49=f2c11b00bf3d41fca072225f328ce98e|52=20260416-01:51:30.000|56=SERVER|1=main|553=Group13|10=059|
[2026-04-16 08:51:31] [DEBUG] [FROM ADMIN] 8=FIX.4.4|9=82|35=0|34=80|49=SERVER|52=20260416-01:51:31.284|56=f2c11b00bf3d41fca072225f328ce98e|10=194|
[2026-04-16 08:52:00] [DEBUG] [TO ADMIN] 8=FIX.4.4|9=101|35=0|34=81|49=f2c11b00bf3d41fca072225f328ce98e|52=20260416-01:52:00.000|56=SERVER|1=main|553=Group13|10=058|
[2026-04-16 08:52:01] [DEBUG] [FROM ADMIN] 8=FIX.4.4|9=82|35=0|34=81|49=SERVER|52=20260416-01:52:01.284|56=f2c11b00bf3d41fca072225f328ce98e|10=193|
[2026-04-16 08:52:01] [DEBUG] POST https://papertrade.algotrade.vn/accounting/api/portfolio-by-sub/basic payload_keys=['fixAccountID', 'subAccountID']
[2026-04-16 08:52:02] [DEBUG] POST https://papertrade.algotrade.vn/accounting/api/portfolio-by-sub/basic succeeded status_code=200
[2026-04-16 08:52:02] [INFO] event=portfolio_resolved fixAccountID=f72030f52dc94e38b4c32ee0d7f9a03b subAccountID=main instrument_count=0
[2026-04-16 08:52:02] [DEBUG] POST https://papertrade.algotrade.vn/accounting/api/account-info-by-sub/remain-cash payload_keys=['fixAccountID', 'subAccountID']
[2026-04-16 08:52:02] [DEBUG] POST https://papertrade.algotrade.vn/accounting/api/account-info-by-sub/remain-cash succeeded status_code=200
[2026-04-16 08:52:02] [INFO] event=remain_cash_resolved fixAccountID=f72030f52dc94e38b4c32ee0d7f9a03b subAccountID=main remainCash=472210000
[2026-04-16 08:52:30] [DEBUG] [TO ADMIN] 8=FIX.4.4|9=101|35=0|34=82|49=f2c11b00bf3d41fca072225f328ce98e|52=20260416-01:52:30.000|56=SERVER|1=main|553=Group13|10=062|
[2026-04-16 08:52:31] [DEBUG] [FROM ADMIN] 8=FIX.4.4|9=82|35=0|34=82|49=SERVER|52=20260416-01:52:31.284|56=f2c11b00bf3d41fca072225f328ce98e|10=197|
[2026-04-16 08:53:00] [DEBUG] [TO ADMIN] 8=FIX.4.4|9=101|35=0|34=83|49=f2c11b00bf3d41fca072225f328ce98e|52=20260416-01:53:00.000|56=SERVER|1=main|553=Group13|10=061|
[2026-04-16 08:53:01] [DEBUG] [FROM ADMIN] 8=FIX.4.4|9=82|35=0|34=83|49=SERVER|52=20260416-01:53:01.284|56=f2c11b00bf3d41fca072225f328ce98e|10=196|
[2026-04-16 08:53:01] [DEBUG] POST https://papertrade.algotrade.vn/accounting/api/portfolio-by-sub/basic payload_keys=['fixAccountID', 'subAccountID']
[2026-04-16 08:53:01] [DEBUG] POST https://papertrade.algotrade.vn/accounting/api/portfolio-by-sub/basic succeeded status_code=200
[2026-04-16 08:53:01] [INFO] event=portfolio_resolved fixAccountID=f72030f52dc94e38b4c32ee0d7f9a03b subAccountID=main instrument_count=0
[2026-04-16 08:53:01] [DEBUG] POST https://papertrade.algotrade.vn/accounting/api/account-info-by-sub/remain-cash payload_keys=['fixAccountID', 'subAccountID']
[2026-04-16 08:53:01] [DEBUG] POST https://papertrade.algotrade.vn/accounting/api/account-info-by-sub/remain-cash succeeded status_code=200
[2026-04-16 08:53:01] [INFO] event=remain_cash_resolved fixAccountID=f72030f52dc94e38b4c32ee0d7f9a03b subAccountID=main remainCash=472210000
[2026-04-16 08:53:30] [DEBUG] [TO ADMIN] 8=FIX.4.4|9=101|35=0|34=84|49=f2c11b00bf3d41fca072225f328ce98e|52=20260416-01:53:30.000|56=SERVER|1=main|553=Group13|10=065|
[2026-04-16 08:53:31] [DEBUG] [FROM ADMIN] 8=FIX.4.4|9=82|35=0|34=84|49=SERVER|52=20260416-01:53:31.284|56=f2c11b00bf3d41fca072225f328ce98e|10=200|
[2026-04-16 08:54:00] [DEBUG] [TO ADMIN] 8=FIX.4.4|9=101|35=0|34=85|49=f2c11b00bf3d41fca072225f328ce98e|52=20260416-01:54:00.000|56=SERVER|1=main|553=Group13|10=064|
[2026-04-16 08:54:01] [DEBUG] [FROM ADMIN] 8=FIX.4.4|9=82|35=0|34=85|49=SERVER|52=20260416-01:54:01.284|56=f2c11b00bf3d41fca072225f328ce98e|10=199|
[2026-04-16 08:54:01] [DEBUG] POST https://papertrade.algotrade.vn/accounting/api/portfolio-by-sub/basic payload_keys=['fixAccountID', 'subAccountID']
[2026-04-16 08:54:01] [DEBUG] POST https://papertrade.algotrade.vn/accounting/api/portfolio-by-sub/basic succeeded status_code=200
[2026-04-16 08:54:01] [INFO] event=portfolio_resolved fixAccountID=f72030f52dc94e38b4c32ee0d7f9a03b subAccountID=main instrument_count=0
[2026-04-16 08:54:01] [DEBUG] POST https://papertrade.algotrade.vn/accounting/api/account-info-by-sub/remain-cash payload_keys=['fixAccountID', 'subAccountID']
[2026-04-16 08:54:01] [DEBUG] POST https://papertrade.algotrade.vn/accounting/api/account-info-by-sub/remain-cash succeeded status_code=200
[2026-04-16 08:54:01] [INFO] event=remain_cash_resolved fixAccountID=f72030f52dc94e38b4c32ee0d7f9a03b subAccountID=main remainCash=472210000
[2026-04-16 08:54:30] [DEBUG] [TO ADMIN] 8=FIX.4.4|9=101|35=0|34=86|49=f2c11b00bf3d41fca072225f328ce98e|52=20260416-01:54:30.000|56=SERVER|1=main|553=Group13|10=068|
[2026-04-16 08:54:31] [DEBUG] [FROM ADMIN] 8=FIX.4.4|9=82|35=0|34=86|49=SERVER|52=20260416-01:54:31.284|56=f2c11b00bf3d41fca072225f328ce98e|10=203|
[2026-04-16 08:55:00] [DEBUG] [TO ADMIN] 8=FIX.4.4|9=101|35=0|34=87|49=f2c11b00bf3d41fca072225f328ce98e|52=20260416-01:55:00.000|56=SERVER|1=main|553=Group13|10=067|
[2026-04-16 08:55:01] [DEBUG] [FROM ADMIN] 8=FIX.4.4|9=82|35=0|34=87|49=SERVER|52=20260416-01:55:01.284|56=f2c11b00bf3d41fca072225f328ce98e|10=202|
[2026-04-16 08:55:01] [DEBUG] POST https://papertrade.algotrade.vn/accounting/api/portfolio-by-sub/basic payload_keys=['fixAccountID', 'subAccountID']
[2026-04-16 08:55:01] [DEBUG] POST https://papertrade.algotrade.vn/accounting/api/portfolio-by-sub/basic succeeded status_code=200
[2026-04-16 08:55:01] [INFO] event=portfolio_resolved fixAccountID=f72030f52dc94e38b4c32ee0d7f9a03b subAccountID=main instrument_count=0
[2026-04-16 08:55:01] [DEBUG] POST https://papertrade.algotrade.vn/accounting/api/account-info-by-sub/remain-cash payload_keys=['fixAccountID', 'subAccountID']
[2026-04-16 08:55:02] [DEBUG] POST https://papertrade.algotrade.vn/accounting/api/account-info-by-sub/remain-cash succeeded status_code=200
[2026-04-16 08:55:02] [INFO] event=remain_cash_resolved fixAccountID=f72030f52dc94e38b4c32ee0d7f9a03b subAccountID=main remainCash=472210000
[2026-04-16 08:55:30] [DEBUG] [TO ADMIN] 8=FIX.4.4|9=101|35=0|34=88|49=f2c11b00bf3d41fca072225f328ce98e|52=20260416-01:55:30.000|56=SERVER|1=main|553=Group13|10=071|
[2026-04-16 08:55:31] [DEBUG] [FROM ADMIN] 8=FIX.4.4|9=82|35=0|34=88|49=SERVER|52=20260416-01:55:31.284|56=f2c11b00bf3d41fca072225f328ce98e|10=206|
[2026-04-16 08:56:00] [DEBUG] [TO ADMIN] 8=FIX.4.4|9=101|35=0|34=89|49=f2c11b00bf3d41fca072225f328ce98e|52=20260416-01:56:00.000|56=SERVER|1=main|553=Group13|10=070|
[2026-04-16 08:56:01] [DEBUG] [FROM ADMIN] 8=FIX.4.4|9=82|35=0|34=89|49=SERVER|52=20260416-01:56:01.284|56=f2c11b00bf3d41fca072225f328ce98e|10=205|
[2026-04-16 08:56:01] [DEBUG] POST https://papertrade.algotrade.vn/accounting/api/portfolio-by-sub/basic payload_keys=['fixAccountID', 'subAccountID']
[2026-04-16 08:56:01] [DEBUG] POST https://papertrade.algotrade.vn/accounting/api/portfolio-by-sub/basic succeeded status_code=200
[2026-04-16 08:56:01] [INFO] event=portfolio_resolved fixAccountID=f72030f52dc94e38b4c32ee0d7f9a03b subAccountID=main instrument_count=0
[2026-04-16 08:56:01] [DEBUG] POST https://papertrade.algotrade.vn/accounting/api/account-info-by-sub/remain-cash payload_keys=['fixAccountID', 'subAccountID']
[2026-04-16 08:56:01] [DEBUG] POST https://papertrade.algotrade.vn/accounting/api/account-info-by-sub/remain-cash succeeded status_code=200
[2026-04-16 08:56:01] [INFO] event=remain_cash_resolved fixAccountID=f72030f52dc94e38b4c32ee0d7f9a03b subAccountID=main remainCash=472210000
[2026-04-16 08:56:30] [DEBUG] [TO ADMIN] 8=FIX.4.4|9=101|35=0|34=90|49=f2c11b00bf3d41fca072225f328ce98e|52=20260416-01:56:30.000|56=SERVER|1=main|553=Group13|10=065|
[2026-04-16 08:56:31] [DEBUG] [FROM ADMIN] 8=FIX.4.4|9=82|35=0|34=90|49=SERVER|52=20260416-01:56:31.284|56=f2c11b00bf3d41fca072225f328ce98e|10=200|
[2026-04-16 08:57:00] [DEBUG] [TO ADMIN] 8=FIX.4.4|9=101|35=0|34=91|49=f2c11b00bf3d41fca072225f328ce98e|52=20260416-01:57:00.000|56=SERVER|1=main|553=Group13|10=064|
[2026-04-16 08:57:01] [DEBUG] [FROM ADMIN] 8=FIX.4.4|9=82|35=0|34=91|49=SERVER|52=20260416-01:57:01.284|56=f2c11b00bf3d41fca072225f328ce98e|10=199|
[2026-04-16 08:57:01] [DEBUG] POST https://papertrade.algotrade.vn/accounting/api/portfolio-by-sub/basic payload_keys=['fixAccountID', 'subAccountID']
[2026-04-16 08:57:01] [DEBUG] POST https://papertrade.algotrade.vn/accounting/api/portfolio-by-sub/basic succeeded status_code=200
[2026-04-16 08:57:01] [INFO] event=portfolio_resolved fixAccountID=f72030f52dc94e38b4c32ee0d7f9a03b subAccountID=main instrument_count=0
[2026-04-16 08:57:01] [DEBUG] POST https://papertrade.algotrade.vn/accounting/api/account-info-by-sub/remain-cash payload_keys=['fixAccountID', 'subAccountID']
[2026-04-16 08:57:01] [DEBUG] POST https://papertrade.algotrade.vn/accounting/api/account-info-by-sub/remain-cash succeeded status_code=200
[2026-04-16 08:57:01] [INFO] event=remain_cash_resolved fixAccountID=f72030f52dc94e38b4c32ee0d7f9a03b subAccountID=main remainCash=472210000
[2026-04-16 08:57:30] [DEBUG] [TO ADMIN] 8=FIX.4.4|9=101|35=0|34=92|49=f2c11b00bf3d41fca072225f328ce98e|52=20260416-01:57:30.000|56=SERVER|1=main|553=Group13|10=068|
[2026-04-16 08:57:31] [DEBUG] [FROM ADMIN] 8=FIX.4.4|9=82|35=0|34=92|49=SERVER|52=20260416-01:57:31.284|56=f2c11b00bf3d41fca072225f328ce98e|10=203|
[2026-04-16 08:58:00] [DEBUG] [TO ADMIN] 8=FIX.4.4|9=101|35=0|34=93|49=f2c11b00bf3d41fca072225f328ce98e|52=20260416-01:58:00.000|56=SERVER|1=main|553=Group13|10=067|
[2026-04-16 08:58:01] [DEBUG] [FROM ADMIN] 8=FIX.4.4|9=82|35=0|34=93|49=SERVER|52=20260416-01:58:01.284|56=f2c11b00bf3d41fca072225f328ce98e|10=202|
[2026-04-16 08:58:01] [DEBUG] POST https://papertrade.algotrade.vn/accounting/api/portfolio-by-sub/basic payload_keys=['fixAccountID', 'subAccountID']
[2026-04-16 08:58:01] [DEBUG] POST https://papertrade.algotrade.vn/accounting/api/portfolio-by-sub/basic succeeded status_code=200
[2026-04-16 08:58:01] [INFO] event=portfolio_resolved fixAccountID=f72030f52dc94e38b4c32ee0d7f9a03b subAccountID=main instrument_count=0
[2026-04-16 08:58:01] [DEBUG] POST https://papertrade.algotrade.vn/accounting/api/account-info-by-sub/remain-cash payload_keys=['fixAccountID', 'subAccountID']
[2026-04-16 08:58:01] [DEBUG] POST https://papertrade.algotrade.vn/accounting/api/account-info-by-sub/remain-cash succeeded status_code=200
[2026-04-16 08:58:01] [INFO] event=remain_cash_resolved fixAccountID=f72030f52dc94e38b4c32ee0d7f9a03b subAccountID=main remainCash=472210000
[2026-04-16 08:58:30] [DEBUG] [TO ADMIN] 8=FIX.4.4|9=101|35=0|34=94|49=f2c11b00bf3d41fca072225f328ce98e|52=20260416-01:58:30.000|56=SERVER|1=main|553=Group13|10=071|
[2026-04-16 08:58:31] [DEBUG] [FROM ADMIN] 8=FIX.4.4|9=82|35=0|34=94|49=SERVER|52=20260416-01:58:31.284|56=f2c11b00bf3d41fca072225f328ce98e|10=206|
[2026-04-16 08:59:00] [DEBUG] [TO ADMIN] 8=FIX.4.4|9=101|35=0|34=95|49=f2c11b00bf3d41fca072225f328ce98e|52=20260416-01:59:00.000|56=SERVER|1=main|553=Group13|10=070|
[2026-04-16 08:59:01] [DEBUG] [FROM ADMIN] 8=FIX.4.4|9=82|35=0|34=95|49=SERVER|52=20260416-01:59:01.284|56=f2c11b00bf3d41fca072225f328ce98e|10=205|
[2026-04-16 08:59:01] [DEBUG] POST https://papertrade.algotrade.vn/accounting/api/portfolio-by-sub/basic payload_keys=['fixAccountID', 'subAccountID']
[2026-04-16 08:59:01] [DEBUG] POST https://papertrade.algotrade.vn/accounting/api/portfolio-by-sub/basic succeeded status_code=200
[2026-04-16 08:59:01] [INFO] event=portfolio_resolved fixAccountID=f72030f52dc94e38b4c32ee0d7f9a03b subAccountID=main instrument_count=0
[2026-04-16 08:59:01] [DEBUG] POST https://papertrade.algotrade.vn/accounting/api/account-info-by-sub/remain-cash payload_keys=['fixAccountID', 'subAccountID']
[2026-04-16 08:59:02] [DEBUG] POST https://papertrade.algotrade.vn/accounting/api/account-info-by-sub/remain-cash succeeded status_code=200
[2026-04-16 08:59:02] [INFO] event=remain_cash_resolved fixAccountID=f72030f52dc94e38b4c32ee0d7f9a03b subAccountID=main remainCash=472210000
[2026-04-16 08:59:30] [DEBUG] [TO ADMIN] 8=FIX.4.4|9=101|35=0|34=96|49=f2c11b00bf3d41fca072225f328ce98e|52=20260416-01:59:30.000|56=SERVER|1=main|553=Group13|10=074|
[2026-04-16 08:59:31] [DEBUG] [FROM ADMIN] 8=FIX.4.4|9=82|35=0|34=96|49=SERVER|52=20260416-01:59:31.284|56=f2c11b00bf3d41fca072225f328ce98e|10=209|
[2026-04-16 09:00:00] [DEBUG] [TO ADMIN] 8=FIX.4.4|9=101|35=0|34=97|49=f2c11b00bf3d41fca072225f328ce98e|52=20260416-02:00:00.000|56=SERVER|1=main|553=Group13|10=059|
[2026-04-16 09:00:01] [DEBUG] [FROM ADMIN] 8=FIX.4.4|9=82|35=0|34=97|49=SERVER|52=20260416-02:00:01.284|56=f2c11b00bf3d41fca072225f328ce98e|10=194|
[2026-04-16 09:00:01] [DEBUG] POST https://papertrade.algotrade.vn/accounting/api/portfolio-by-sub/basic payload_keys=['fixAccountID', 'subAccountID']
[2026-04-16 09:00:02] [DEBUG] POST https://papertrade.algotrade.vn/accounting/api/portfolio-by-sub/basic succeeded status_code=200
[2026-04-16 09:00:02] [INFO] event=portfolio_resolved fixAccountID=f72030f52dc94e38b4c32ee0d7f9a03b subAccountID=main instrument_count=0
[2026-04-16 09:00:02] [DEBUG] POST https://papertrade.algotrade.vn/accounting/api/account-info-by-sub/remain-cash payload_keys=['fixAccountID', 'subAccountID']
[2026-04-16 09:00:02] [DEBUG] POST https://papertrade.algotrade.vn/accounting/api/account-info-by-sub/remain-cash succeeded status_code=200
[2026-04-16 09:00:02] [INFO] event=remain_cash_resolved fixAccountID=f72030f52dc94e38b4c32ee0d7f9a03b subAccountID=main remainCash=472210000
[2026-04-16 09:00:30] [DEBUG] [TO ADMIN] 8=FIX.4.4|9=101|35=0|34=98|49=f2c11b00bf3d41fca072225f328ce98e|52=20260416-02:00:30.000|56=SERVER|1=main|553=Group13|10=063|
[2026-04-16 09:00:31] [DEBUG] [FROM ADMIN] 8=FIX.4.4|9=82|35=0|34=98|49=SERVER|52=20260416-02:00:31.284|56=f2c11b00bf3d41fca072225f328ce98e|10=198|
[2026-04-16 09:01:00] [DEBUG] [TO ADMIN] 8=FIX.4.4|9=101|35=0|34=99|49=f2c11b00bf3d41fca072225f328ce98e|52=20260416-02:01:00.000|56=SERVER|1=main|553=Group13|10=062|
[2026-04-16 09:01:01] [DEBUG] [FROM ADMIN] 8=FIX.4.4|9=82|35=0|34=99|49=SERVER|52=20260416-02:01:01.284|56=f2c11b00bf3d41fca072225f328ce98e|10=197|
[2026-04-16 09:01:01] [DEBUG] POST https://papertrade.algotrade.vn/accounting/api/portfolio-by-sub/basic payload_keys=['fixAccountID', 'subAccountID']
[2026-04-16 09:01:01] [DEBUG] POST https://papertrade.algotrade.vn/accounting/api/portfolio-by-sub/basic succeeded status_code=200
[2026-04-16 09:01:01] [INFO] event=portfolio_resolved fixAccountID=f72030f52dc94e38b4c32ee0d7f9a03b subAccountID=main instrument_count=0
[2026-04-16 09:01:01] [DEBUG] POST https://papertrade.algotrade.vn/accounting/api/account-info-by-sub/remain-cash payload_keys=['fixAccountID', 'subAccountID']
[2026-04-16 09:01:02] [DEBUG] POST https://papertrade.algotrade.vn/accounting/api/account-info-by-sub/remain-cash succeeded status_code=200
[2026-04-16 09:01:02] [INFO] event=remain_cash_resolved fixAccountID=f72030f52dc94e38b4c32ee0d7f9a03b subAccountID=main remainCash=472210000
[2026-04-16 09:01:30] [DEBUG] [TO ADMIN] 8=FIX.4.4|9=102|35=0|34=100|49=f2c11b00bf3d41fca072225f328ce98e|52=20260416-02:01:30.000|56=SERVER|1=main|553=Group13|10=097|
[2026-04-16 09:01:31] [DEBUG] [FROM ADMIN] 8=FIX.4.4|9=83|35=0|34=100|49=SERVER|52=20260416-02:01:31.284|56=f2c11b00bf3d41fca072225f328ce98e|10=232|
[2026-04-16 09:02:00] [DEBUG] [TO ADMIN] 8=FIX.4.4|9=102|35=0|34=101|49=f2c11b00bf3d41fca072225f328ce98e|52=20260416-02:02:00.000|56=SERVER|1=main|553=Group13|10=096|
[2026-04-16 09:02:01] [DEBUG] [FROM ADMIN] 8=FIX.4.4|9=83|35=0|34=101|49=SERVER|52=20260416-02:02:01.284|56=f2c11b00bf3d41fca072225f328ce98e|10=231|
[2026-04-16 09:02:01] [DEBUG] POST https://papertrade.algotrade.vn/accounting/api/portfolio-by-sub/basic payload_keys=['fixAccountID', 'subAccountID']
[2026-04-16 09:02:01] [DEBUG] POST https://papertrade.algotrade.vn/accounting/api/portfolio-by-sub/basic succeeded status_code=200
[2026-04-16 09:02:01] [INFO] event=portfolio_resolved fixAccountID=f72030f52dc94e38b4c32ee0d7f9a03b subAccountID=main instrument_count=0
[2026-04-16 09:02:01] [DEBUG] POST https://papertrade.algotrade.vn/accounting/api/account-info-by-sub/remain-cash payload_keys=['fixAccountID', 'subAccountID']
[2026-04-16 09:02:01] [DEBUG] POST https://papertrade.algotrade.vn/accounting/api/account-info-by-sub/remain-cash succeeded status_code=200
[2026-04-16 09:02:01] [INFO] event=remain_cash_resolved fixAccountID=f72030f52dc94e38b4c32ee0d7f9a03b subAccountID=main remainCash=472210000
[2026-04-16 09:02:30] [DEBUG] [TO ADMIN] 8=FIX.4.4|9=102|35=0|34=102|49=f2c11b00bf3d41fca072225f328ce98e|52=20260416-02:02:30.000|56=SERVER|1=main|553=Group13|10=100|
[2026-04-16 09:02:31] [DEBUG] [FROM ADMIN] 8=FIX.4.4|9=83|35=0|34=102|49=SERVER|52=20260416-02:02:31.284|56=f2c11b00bf3d41fca072225f328ce98e|10=235|
[2026-04-16 09:03:00] [DEBUG] [TO ADMIN] 8=FIX.4.4|9=102|35=0|34=103|49=f2c11b00bf3d41fca072225f328ce98e|52=20260416-02:03:00.000|56=SERVER|1=main|553=Group13|10=099|
[2026-04-16 09:03:01] [DEBUG] [FROM ADMIN] 8=FIX.4.4|9=83|35=0|34=103|49=SERVER|52=20260416-02:03:01.284|56=f2c11b00bf3d41fca072225f328ce98e|10=234|
[2026-04-16 09:03:01] [DEBUG] POST https://papertrade.algotrade.vn/accounting/api/portfolio-by-sub/basic payload_keys=['fixAccountID', 'subAccountID']
[2026-04-16 09:03:01] [DEBUG] POST https://papertrade.algotrade.vn/accounting/api/portfolio-by-sub/basic succeeded status_code=200
[2026-04-16 09:03:01] [INFO] event=portfolio_resolved fixAccountID=f72030f52dc94e38b4c32ee0d7f9a03b subAccountID=main instrument_count=0
[2026-04-16 09:03:01] [DEBUG] POST https://papertrade.algotrade.vn/accounting/api/account-info-by-sub/remain-cash payload_keys=['fixAccountID', 'subAccountID']
[2026-04-16 09:03:02] [DEBUG] POST https://papertrade.algotrade.vn/accounting/api/account-info-by-sub/remain-cash succeeded status_code=200
[2026-04-16 09:03:02] [INFO] event=remain_cash_resolved fixAccountID=f72030f52dc94e38b4c32ee0d7f9a03b subAccountID=main remainCash=472210000
[2026-04-16 09:03:30] [DEBUG] [TO ADMIN] 8=FIX.4.4|9=102|35=0|34=104|49=f2c11b00bf3d41fca072225f328ce98e|52=20260416-02:03:30.000|56=SERVER|1=main|553=Group13|10=103|
[2026-04-16 09:03:31] [DEBUG] [FROM ADMIN] 8=FIX.4.4|9=83|35=0|34=104|49=SERVER|52=20260416-02:03:31.284|56=f2c11b00bf3d41fca072225f328ce98e|10=238|
[2026-04-16 09:04:00] [DEBUG] [TO ADMIN] 8=FIX.4.4|9=102|35=0|34=105|49=f2c11b00bf3d41fca072225f328ce98e|52=20260416-02:04:00.000|56=SERVER|1=main|553=Group13|10=102|
[2026-04-16 09:04:01] [DEBUG] [FROM ADMIN] 8=FIX.4.4|9=83|35=0|34=105|49=SERVER|52=20260416-02:04:01.284|56=f2c11b00bf3d41fca072225f328ce98e|10=237|
[2026-04-16 09:04:01] [DEBUG] POST https://papertrade.algotrade.vn/accounting/api/portfolio-by-sub/basic payload_keys=['fixAccountID', 'subAccountID']
[2026-04-16 09:04:01] [DEBUG] POST https://papertrade.algotrade.vn/accounting/api/portfolio-by-sub/basic succeeded status_code=200
[2026-04-16 09:04:01] [INFO] event=portfolio_resolved fixAccountID=f72030f52dc94e38b4c32ee0d7f9a03b subAccountID=main instrument_count=0
[2026-04-16 09:04:01] [DEBUG] POST https://papertrade.algotrade.vn/accounting/api/account-info-by-sub/remain-cash payload_keys=['fixAccountID', 'subAccountID']
[2026-04-16 09:04:01] [DEBUG] POST https://papertrade.algotrade.vn/accounting/api/account-info-by-sub/remain-cash succeeded status_code=200
[2026-04-16 09:04:01] [INFO] event=remain_cash_resolved fixAccountID=f72030f52dc94e38b4c32ee0d7f9a03b subAccountID=main remainCash=472210000
[2026-04-16 09:04:30] [DEBUG] [TO ADMIN] 8=FIX.4.4|9=102|35=0|34=106|49=f2c11b00bf3d41fca072225f328ce98e|52=20260416-02:04:30.000|56=SERVER|1=main|553=Group13|10=106|
[2026-04-16 09:04:31] [DEBUG] [FROM ADMIN] 8=FIX.4.4|9=83|35=0|34=106|49=SERVER|52=20260416-02:04:31.284|56=f2c11b00bf3d41fca072225f328ce98e|10=241|
[2026-04-16 09:05:00] [DEBUG] [TO ADMIN] 8=FIX.4.4|9=102|35=0|34=107|49=f2c11b00bf3d41fca072225f328ce98e|52=20260416-02:05:00.000|56=SERVER|1=main|553=Group13|10=105|
[2026-04-16 09:05:01] [DEBUG] [FROM ADMIN] 8=FIX.4.4|9=83|35=0|34=107|49=SERVER|52=20260416-02:05:01.284|56=f2c11b00bf3d41fca072225f328ce98e|10=240|
[2026-04-16 09:05:01] [DEBUG] POST https://papertrade.algotrade.vn/accounting/api/portfolio-by-sub/basic payload_keys=['fixAccountID', 'subAccountID']
[2026-04-16 09:05:02] [DEBUG] POST https://papertrade.algotrade.vn/accounting/api/portfolio-by-sub/basic succeeded status_code=200
[2026-04-16 09:05:02] [INFO] event=portfolio_resolved fixAccountID=f72030f52dc94e38b4c32ee0d7f9a03b subAccountID=main instrument_count=0
[2026-04-16 09:05:02] [DEBUG] POST https://papertrade.algotrade.vn/accounting/api/account-info-by-sub/remain-cash payload_keys=['fixAccountID', 'subAccountID']
[2026-04-16 09:05:02] [DEBUG] POST https://papertrade.algotrade.vn/accounting/api/account-info-by-sub/remain-cash succeeded status_code=200
[2026-04-16 09:05:02] [INFO] event=remain_cash_resolved fixAccountID=f72030f52dc94e38b4c32ee0d7f9a03b subAccountID=main remainCash=472210000
[2026-04-16 09:05:30] [DEBUG] [TO ADMIN] 8=FIX.4.4|9=102|35=0|34=108|49=f2c11b00bf3d41fca072225f328ce98e|52=20260416-02:05:30.000|56=SERVER|1=main|553=Group13|10=109|
[2026-04-16 09:05:31] [DEBUG] [FROM ADMIN] 8=FIX.4.4|9=83|35=0|34=108|49=SERVER|52=20260416-02:05:31.284|56=f2c11b00bf3d41fca072225f328ce98e|10=244|
[2026-04-16 09:06:00] [DEBUG] [TO ADMIN] 8=FIX.4.4|9=102|35=0|34=109|49=f2c11b00bf3d41fca072225f328ce98e|52=20260416-02:06:00.000|56=SERVER|1=main|553=Group13|10=108|
[2026-04-16 09:06:01] [DEBUG] [FROM ADMIN] 8=FIX.4.4|9=83|35=0|34=109|49=SERVER|52=20260416-02:06:01.284|56=f2c11b00bf3d41fca072225f328ce98e|10=243|
[2026-04-16 09:06:01] [DEBUG] POST https://papertrade.algotrade.vn/accounting/api/portfolio-by-sub/basic payload_keys=['fixAccountID', 'subAccountID']
[2026-04-16 09:06:01] [DEBUG] POST https://papertrade.algotrade.vn/accounting/api/portfolio-by-sub/basic succeeded status_code=200
[2026-04-16 09:06:01] [INFO] event=portfolio_resolved fixAccountID=f72030f52dc94e38b4c32ee0d7f9a03b subAccountID=main instrument_count=0
[2026-04-16 09:06:01] [DEBUG] POST https://papertrade.algotrade.vn/accounting/api/account-info-by-sub/remain-cash payload_keys=['fixAccountID', 'subAccountID']
[2026-04-16 09:06:02] [DEBUG] POST https://papertrade.algotrade.vn/accounting/api/account-info-by-sub/remain-cash succeeded status_code=200
[2026-04-16 09:06:02] [INFO] event=remain_cash_resolved fixAccountID=f72030f52dc94e38b4c32ee0d7f9a03b subAccountID=main remainCash=472210000
[2026-04-16 09:06:30] [DEBUG] [TO ADMIN] 8=FIX.4.4|9=102|35=0|34=110|49=f2c11b00bf3d41fca072225f328ce98e|52=20260416-02:06:30.000|56=SERVER|1=main|553=Group13|10=103|
[2026-04-16 09:06:31] [DEBUG] [FROM ADMIN] 8=FIX.4.4|9=83|35=0|34=110|49=SERVER|52=20260416-02:06:31.284|56=f2c11b00bf3d41fca072225f328ce98e|10=238|
[2026-04-16 09:07:00] [DEBUG] [TO ADMIN] 8=FIX.4.4|9=102|35=0|34=111|49=f2c11b00bf3d41fca072225f328ce98e|52=20260416-02:07:00.000|56=SERVER|1=main|553=Group13|10=102|
[2026-04-16 09:07:01] [DEBUG] [FROM ADMIN] 8=FIX.4.4|9=83|35=0|34=111|49=SERVER|52=20260416-02:07:01.284|56=f2c11b00bf3d41fca072225f328ce98e|10=237|
[2026-04-16 09:07:01] [DEBUG] POST https://papertrade.algotrade.vn/accounting/api/portfolio-by-sub/basic payload_keys=['fixAccountID', 'subAccountID']
[2026-04-16 09:07:01] [DEBUG] POST https://papertrade.algotrade.vn/accounting/api/portfolio-by-sub/basic succeeded status_code=200
[2026-04-16 09:07:01] [INFO] event=portfolio_resolved fixAccountID=f72030f52dc94e38b4c32ee0d7f9a03b subAccountID=main instrument_count=0
[2026-04-16 09:07:01] [DEBUG] POST https://papertrade.algotrade.vn/accounting/api/account-info-by-sub/remain-cash payload_keys=['fixAccountID', 'subAccountID']
[2026-04-16 09:07:02] [DEBUG] POST https://papertrade.algotrade.vn/accounting/api/account-info-by-sub/remain-cash succeeded status_code=200
[2026-04-16 09:07:02] [INFO] event=remain_cash_resolved fixAccountID=f72030f52dc94e38b4c32ee0d7f9a03b subAccountID=main remainCash=472210000
[2026-04-16 09:07:30] [DEBUG] [TO ADMIN] 8=FIX.4.4|9=102|35=0|34=112|49=f2c11b00bf3d41fca072225f328ce98e|52=20260416-02:07:30.000|56=SERVER|1=main|553=Group13|10=106|
[2026-04-16 09:07:31] [DEBUG] [FROM ADMIN] 8=FIX.4.4|9=83|35=0|34=112|49=SERVER|52=20260416-02:07:31.284|56=f2c11b00bf3d41fca072225f328ce98e|10=241|
[2026-04-16 09:08:00] [DEBUG] [TO ADMIN] 8=FIX.4.4|9=102|35=0|34=113|49=f2c11b00bf3d41fca072225f328ce98e|52=20260416-02:08:00.000|56=SERVER|1=main|553=Group13|10=105|
[2026-04-16 09:08:01] [DEBUG] [FROM ADMIN] 8=FIX.4.4|9=83|35=0|34=113|49=SERVER|52=20260416-02:08:01.284|56=f2c11b00bf3d41fca072225f328ce98e|10=240|
[2026-04-16 09:08:01] [DEBUG] POST https://papertrade.algotrade.vn/accounting/api/portfolio-by-sub/basic payload_keys=['fixAccountID', 'subAccountID']
[2026-04-16 09:08:02] [DEBUG] POST https://papertrade.algotrade.vn/accounting/api/portfolio-by-sub/basic succeeded status_code=200
[2026-04-16 09:08:02] [INFO] event=portfolio_resolved fixAccountID=f72030f52dc94e38b4c32ee0d7f9a03b subAccountID=main instrument_count=0
[2026-04-16 09:08:02] [DEBUG] POST https://papertrade.algotrade.vn/accounting/api/account-info-by-sub/remain-cash payload_keys=['fixAccountID', 'subAccountID']
[2026-04-16 09:08:02] [DEBUG] POST https://papertrade.algotrade.vn/accounting/api/account-info-by-sub/remain-cash succeeded status_code=200
[2026-04-16 09:08:02] [INFO] event=remain_cash_resolved fixAccountID=f72030f52dc94e38b4c32ee0d7f9a03b subAccountID=main remainCash=472210000
[2026-04-16 09:08:30] [DEBUG] [TO ADMIN] 8=FIX.4.4|9=102|35=0|34=114|49=f2c11b00bf3d41fca072225f328ce98e|52=20260416-02:08:30.000|56=SERVER|1=main|553=Group13|10=109|
[2026-04-16 09:08:31] [DEBUG] [FROM ADMIN] 8=FIX.4.4|9=83|35=0|34=114|49=SERVER|52=20260416-02:08:31.284|56=f2c11b00bf3d41fca072225f328ce98e|10=244|
[2026-04-16 09:09:00] [DEBUG] [TO ADMIN] 8=FIX.4.4|9=102|35=0|34=115|49=f2c11b00bf3d41fca072225f328ce98e|52=20260416-02:09:00.000|56=SERVER|1=main|553=Group13|10=108|
[2026-04-16 09:09:01] [DEBUG] [FROM ADMIN] 8=FIX.4.4|9=83|35=0|34=115|49=SERVER|52=20260416-02:09:01.284|56=f2c11b00bf3d41fca072225f328ce98e|10=243|
[2026-04-16 09:09:01] [DEBUG] POST https://papertrade.algotrade.vn/accounting/api/portfolio-by-sub/basic payload_keys=['fixAccountID', 'subAccountID']
[2026-04-16 09:09:01] [DEBUG] POST https://papertrade.algotrade.vn/accounting/api/portfolio-by-sub/basic succeeded status_code=200
[2026-04-16 09:09:01] [INFO] event=portfolio_resolved fixAccountID=f72030f52dc94e38b4c32ee0d7f9a03b subAccountID=main instrument_count=0
[2026-04-16 09:09:01] [DEBUG] POST https://papertrade.algotrade.vn/accounting/api/account-info-by-sub/remain-cash payload_keys=['fixAccountID', 'subAccountID']
[2026-04-16 09:09:02] [DEBUG] POST https://papertrade.algotrade.vn/accounting/api/account-info-by-sub/remain-cash succeeded status_code=200
[2026-04-16 09:09:02] [INFO] event=remain_cash_resolved fixAccountID=f72030f52dc94e38b4c32ee0d7f9a03b subAccountID=main remainCash=472210000
[2026-04-16 09:09:30] [DEBUG] [TO ADMIN] 8=FIX.4.4|9=102|35=0|34=116|49=f2c11b00bf3d41fca072225f328ce98e|52=20260416-02:09:30.000|56=SERVER|1=main|553=Group13|10=112|
[2026-04-16 09:09:31] [DEBUG] [FROM ADMIN] 8=FIX.4.4|9=83|35=0|34=116|49=SERVER|52=20260416-02:09:31.284|56=f2c11b00bf3d41fca072225f328ce98e|10=247|
[2026-04-16 09:10:00] [DEBUG] [TO ADMIN] 8=FIX.4.4|9=102|35=0|34=117|49=f2c11b00bf3d41fca072225f328ce98e|52=20260416-02:10:00.000|56=SERVER|1=main|553=Group13|10=102|
[2026-04-16 09:10:01] [DEBUG] [FROM ADMIN] 8=FIX.4.4|9=83|35=0|34=117|49=SERVER|52=20260416-02:10:01.284|56=f2c11b00bf3d41fca072225f328ce98e|10=237|
[2026-04-16 09:10:02] [DEBUG] POST https://papertrade.algotrade.vn/accounting/api/portfolio-by-sub/basic payload_keys=['fixAccountID', 'subAccountID']
[2026-04-16 09:10:02] [DEBUG] POST https://papertrade.algotrade.vn/accounting/api/portfolio-by-sub/basic succeeded status_code=200
[2026-04-16 09:10:02] [INFO] event=portfolio_resolved fixAccountID=f72030f52dc94e38b4c32ee0d7f9a03b subAccountID=main instrument_count=0
[2026-04-16 09:10:02] [DEBUG] POST https://papertrade.algotrade.vn/accounting/api/account-info-by-sub/remain-cash payload_keys=['fixAccountID', 'subAccountID']
[2026-04-16 09:10:02] [DEBUG] POST https://papertrade.algotrade.vn/accounting/api/account-info-by-sub/remain-cash succeeded status_code=200
[2026-04-16 09:10:02] [INFO] event=remain_cash_resolved fixAccountID=f72030f52dc94e38b4c32ee0d7f9a03b subAccountID=main remainCash=472210000
[2026-04-16 09:10:30] [DEBUG] [TO ADMIN] 8=FIX.4.4|9=102|35=0|34=118|49=f2c11b00bf3d41fca072225f328ce98e|52=20260416-02:10:30.000|56=SERVER|1=main|553=Group13|10=106|
[2026-04-16 09:10:31] [DEBUG] [FROM ADMIN] 8=FIX.4.4|9=83|35=0|34=118|49=SERVER|52=20260416-02:10:31.284|56=f2c11b00bf3d41fca072225f328ce98e|10=241|
[2026-04-16 09:11:00] [DEBUG] [TO ADMIN] 8=FIX.4.4|9=102|35=0|34=119|49=f2c11b00bf3d41fca072225f328ce98e|52=20260416-02:11:00.000|56=SERVER|1=main|553=Group13|10=105|
[2026-04-16 09:11:01] [DEBUG] [FROM ADMIN] 8=FIX.4.4|9=83|35=0|34=119|49=SERVER|52=20260416-02:11:01.284|56=f2c11b00bf3d41fca072225f328ce98e|10=240|
[2026-04-16 09:11:01] [DEBUG] POST https://papertrade.algotrade.vn/accounting/api/portfolio-by-sub/basic payload_keys=['fixAccountID', 'subAccountID']
[2026-04-16 09:11:01] [DEBUG] POST https://papertrade.algotrade.vn/accounting/api/portfolio-by-sub/basic succeeded status_code=200
[2026-04-16 09:11:01] [INFO] event=portfolio_resolved fixAccountID=f72030f52dc94e38b4c32ee0d7f9a03b subAccountID=main instrument_count=0
[2026-04-16 09:11:01] [DEBUG] POST https://papertrade.algotrade.vn/accounting/api/account-info-by-sub/remain-cash payload_keys=['fixAccountID', 'subAccountID']
[2026-04-16 09:11:02] [DEBUG] POST https://papertrade.algotrade.vn/accounting/api/account-info-by-sub/remain-cash succeeded status_code=200
[2026-04-16 09:11:02] [INFO] event=remain_cash_resolved fixAccountID=f72030f52dc94e38b4c32ee0d7f9a03b subAccountID=main remainCash=472210000
[2026-04-16 09:11:30] [DEBUG] [TO ADMIN] 8=FIX.4.4|9=102|35=0|34=120|49=f2c11b00bf3d41fca072225f328ce98e|52=20260416-02:11:30.000|56=SERVER|1=main|553=Group13|10=100|
[2026-04-16 09:11:31] [DEBUG] [FROM ADMIN] 8=FIX.4.4|9=83|35=0|34=120|49=SERVER|52=20260416-02:11:31.284|56=f2c11b00bf3d41fca072225f328ce98e|10=235|
[2026-04-16 09:12:00] [DEBUG] [TO ADMIN] 8=FIX.4.4|9=102|35=0|34=121|49=f2c11b00bf3d41fca072225f328ce98e|52=20260416-02:12:00.000|56=SERVER|1=main|553=Group13|10=099|
[2026-04-16 09:12:01] [DEBUG] [FROM ADMIN] 8=FIX.4.4|9=83|35=0|34=121|49=SERVER|52=20260416-02:12:01.284|56=f2c11b00bf3d41fca072225f328ce98e|10=234|
[2026-04-16 09:12:01] [DEBUG] POST https://papertrade.algotrade.vn/accounting/api/portfolio-by-sub/basic payload_keys=['fixAccountID', 'subAccountID']
[2026-04-16 09:12:01] [DEBUG] POST https://papertrade.algotrade.vn/accounting/api/portfolio-by-sub/basic succeeded status_code=200
[2026-04-16 09:12:01] [INFO] event=portfolio_resolved fixAccountID=f72030f52dc94e38b4c32ee0d7f9a03b subAccountID=main instrument_count=0
[2026-04-16 09:12:01] [DEBUG] POST https://papertrade.algotrade.vn/accounting/api/account-info-by-sub/remain-cash payload_keys=['fixAccountID', 'subAccountID']
[2026-04-16 09:12:01] [DEBUG] POST https://papertrade.algotrade.vn/accounting/api/account-info-by-sub/remain-cash succeeded status_code=200
[2026-04-16 09:12:01] [INFO] event=remain_cash_resolved fixAccountID=f72030f52dc94e38b4c32ee0d7f9a03b subAccountID=main remainCash=472210000
[2026-04-16 09:12:30] [DEBUG] [TO ADMIN] 8=FIX.4.4|9=102|35=0|34=122|49=f2c11b00bf3d41fca072225f328ce98e|52=20260416-02:12:30.000|56=SERVER|1=main|553=Group13|10=103|
[2026-04-16 09:12:31] [DEBUG] [FROM ADMIN] 8=FIX.4.4|9=83|35=0|34=122|49=SERVER|52=20260416-02:12:31.284|56=f2c11b00bf3d41fca072225f328ce98e|10=238|
[2026-04-16 09:13:00] [DEBUG] [TO ADMIN] 8=FIX.4.4|9=102|35=0|34=123|49=f2c11b00bf3d41fca072225f328ce98e|52=20260416-02:13:00.000|56=SERVER|1=main|553=Group13|10=102|
[2026-04-16 09:13:01] [DEBUG] [FROM ADMIN] 8=FIX.4.4|9=83|35=0|34=123|49=SERVER|52=20260416-02:13:01.284|56=f2c11b00bf3d41fca072225f328ce98e|10=237|
[2026-04-16 09:13:01] [DEBUG] POST https://papertrade.algotrade.vn/accounting/api/portfolio-by-sub/basic payload_keys=['fixAccountID', 'subAccountID']
[2026-04-16 09:13:01] [DEBUG] POST https://papertrade.algotrade.vn/accounting/api/portfolio-by-sub/basic succeeded status_code=200
[2026-04-16 09:13:01] [INFO] event=portfolio_resolved fixAccountID=f72030f52dc94e38b4c32ee0d7f9a03b subAccountID=main instrument_count=0
[2026-04-16 09:13:01] [DEBUG] POST https://papertrade.algotrade.vn/accounting/api/account-info-by-sub/remain-cash payload_keys=['fixAccountID', 'subAccountID']
[2026-04-16 09:13:01] [DEBUG] POST https://papertrade.algotrade.vn/accounting/api/account-info-by-sub/remain-cash succeeded status_code=200
[2026-04-16 09:13:01] [INFO] event=remain_cash_resolved fixAccountID=f72030f52dc94e38b4c32ee0d7f9a03b subAccountID=main remainCash=472210000
[2026-04-16 09:13:30] [DEBUG] [TO ADMIN] 8=FIX.4.4|9=102|35=0|34=124|49=f2c11b00bf3d41fca072225f328ce98e|52=20260416-02:13:30.000|56=SERVER|1=main|553=Group13|10=106|
[2026-04-16 09:13:31] [DEBUG] [FROM ADMIN] 8=FIX.4.4|9=83|35=0|34=124|49=SERVER|52=20260416-02:13:31.284|56=f2c11b00bf3d41fca072225f328ce98e|10=241|
[2026-04-16 09:14:00] [DEBUG] [TO ADMIN] 8=FIX.4.4|9=102|35=0|34=125|49=f2c11b00bf3d41fca072225f328ce98e|52=20260416-02:14:00.000|56=SERVER|1=main|553=Group13|10=105|
[2026-04-16 09:14:01] [DEBUG] [FROM ADMIN] 8=FIX.4.4|9=83|35=0|34=125|49=SERVER|52=20260416-02:14:01.284|56=f2c11b00bf3d41fca072225f328ce98e|10=240|
[2026-04-16 09:14:02] [DEBUG] POST https://papertrade.algotrade.vn/accounting/api/portfolio-by-sub/basic payload_keys=['fixAccountID', 'subAccountID']
[2026-04-16 09:14:02] [DEBUG] POST https://papertrade.algotrade.vn/accounting/api/portfolio-by-sub/basic succeeded status_code=200
[2026-04-16 09:14:02] [INFO] event=portfolio_resolved fixAccountID=f72030f52dc94e38b4c32ee0d7f9a03b subAccountID=main instrument_count=0
[2026-04-16 09:14:02] [DEBUG] POST https://papertrade.algotrade.vn/accounting/api/account-info-by-sub/remain-cash payload_keys=['fixAccountID', 'subAccountID']
[2026-04-16 09:14:02] [DEBUG] POST https://papertrade.algotrade.vn/accounting/api/account-info-by-sub/remain-cash succeeded status_code=200
[2026-04-16 09:14:02] [INFO] event=remain_cash_resolved fixAccountID=f72030f52dc94e38b4c32ee0d7f9a03b subAccountID=main remainCash=472210000
